#
# A fatal error has been detected by the Java Runtime Environment:
#
#  EXCEPTION_ACCESS_VIOLATION (0xc0000005) at pc=0x00007ff8b298e0a9, pid=6572, tid=1280
#
# JRE version: OpenJDK Runtime Environment Microsoft-8035246 (17.0.8+7) (build 17.0.8+7-LTS)
# Java VM: OpenJDK 64-Bit Server VM Microsoft-8035246 (17.0.8+7-LTS, mixed mode, sharing, tiered, compressed oops, compressed class ptrs, g1 gc, windows-amd64)
# Problematic frame:
# V  [jvm.dll+0x2be0a9]
#
# No core dump will be written. Minidumps are not enabled by default on client versions of Windows
#
# If you would like to submit a bug report, please visit:
#   https://github.com/microsoft/openjdk/issues
#

---------------  S U M M A R Y ------------

Command Line: -XX:MaxMetaspaceSize=512m --add-opens=java.base/java.util=ALL-UNNAMED --add-opens=java.base/java.lang=ALL-UNNAMED --add-opens=java.base/java.lang.invoke=ALL-UNNAMED --add-opens=java.prefs/java.util.prefs=ALL-UNNAMED --add-opens=java.base/java.nio.charset=ALL-UNNAMED --add-opens=java.base/java.net=ALL-UNNAMED --add-opens=java.base/java.util.concurrent.atomic=ALL-UNNAMED -Xmx2048m -Dfile.encoding=windows-1252 -Duser.country=US -Duser.language=en -Duser.variant -javaagent:C:\Users\LENOVO\.gradle\wrapper\dists\gradle-8.6-all\3mbtmo166bl6vumsh5k2lkq5h\gradle-8.6\lib\agents\gradle-instrumentation-agent-8.6.jar org.gradle.launcher.daemon.bootstrap.GradleDaemon 8.6

Host: Intel(R) Core(TM) i5-6300U CPU @ 2.40GHz, 4 cores, 11G,  Windows 10 , 64 bit Build 19041 (10.0.19041.3636)
Time: Tue May 21 16:07:40 2024 Pakistan Standard Time elapsed time: 6357.329893 seconds (0d 1h 45m 57s)

---------------  T H R E A D  ---------------

Current thread (0x000001dabae95cb0):  JavaThread "C2 CompilerThread0" daemon [_thread_in_native, id=1280, stack(0x00000078fe000000,0x00000078fe100000)]


Current CompileTask:
C2:6357330 15727   !   4       org.gradle.cache.internal.DefaultMultiProcessSafeIndexedCache::getIfPresent (25 bytes)

Stack: [0x00000078fe000000,0x00000078fe100000],  sp=0x00000078fe0fb510,  free space=1005k
Native frames: (J=compiled Java code, j=interpreted, Vv=VM code, C=native code)
V  [jvm.dll+0x2be0a9]
V  [jvm.dll+0x21ba8b]
V  [jvm.dll+0x21944b]
V  [jvm.dll+0x1a56b6]
V  [jvm.dll+0x2291ea]
V  [jvm.dll+0x22724c]
V  [jvm.dll+0x7efd0c]
V  [jvm.dll+0x7ea13a]
V  [jvm.dll+0x67ad85]
C  [ucrtbase.dll+0x21bb2]
C  [KERNEL32.DLL+0x17344]
C  [ntdll.dll+0x526b1]


siginfo: EXCEPTION_ACCESS_VIOLATION (0xc0000005), reading address 0x0000000000000028


Register to memory mapping:

RIP=0x00007ff8b298e0a9 jvm.dll
RAX=0x000001dae67d3210 points into unknown readable memory: 0x0000000000000000 | 00 00 00 00 00 00 00 00
RBX=0x0000000000001857 is an unknown value
RCX=0x0 is NULL
RDX=0x0 is NULL
RSP=0x00000078fe0fb510 is pointing into the stack for thread: 0x000001dabae95cb0
RBP=0x00000078fe0fb580 is pointing into the stack for thread: 0x000001dabae95cb0
RSI=0x0 is NULL
RDI=0x000000000000004c is an unknown value
R8 =0x000000000000ffe0 is an unknown value
R9 =0x0 is NULL
R10=0x00007ff905c10000 VCRUNTIME140.dll
R11=0x000001dae67d3230 points into unknown readable memory: 0x0000000000000000 | 00 00 00 00 00 00 00 00
R12=0x0000000000000050 is an unknown value
R13=0x0 is NULL
R14=0x0 is NULL
R15=0x00000078fe0fe730 is pointing into the stack for thread: 0x000001dabae95cb0


Registers:
RAX=0x000001dae67d3210, RBX=0x0000000000001857, RCX=0x0000000000000000, RDX=0x0000000000000000
RSP=0x00000078fe0fb510, RBP=0x00000078fe0fb580, RSI=0x0000000000000000, RDI=0x000000000000004c
R8 =0x000000000000ffe0, R9 =0x0000000000000000, R10=0x00007ff905c10000, R11=0x000001dae67d3230
R12=0x0000000000000050, R13=0x0000000000000000, R14=0x0000000000000000, R15=0x00000078fe0fe730
RIP=0x00007ff8b298e0a9, EFLAGS=0x0000000000010202

Top of Stack: (sp=0x00000078fe0fb510)
0x00000078fe0fb510:   0000000000001857 0000000000000000
0x00000078fe0fb520:   00000078fe0fe730 00007ff8b28f38d1
0x00000078fe0fb530:   000001dabae8a290 00007ff800002000
0x00000078fe0fb540:   000001dae67d3210 0000000000000000
0x00000078fe0fb550:   0000000000000002 000001dadd9299a0
0x00000078fe0fb560:   0000000e00000002 000001dabae8a290
0x00000078fe0fb570:   0000000000000000 0000000000000000
0x00000078fe0fb580:   000001dabad24a80 000001da9d2b97f0
0x00000078fe0fb590:   000000000000004c 00007ff8b3014c08
0x00000078fe0fb5a0:   00000078fe0fb6b0 00007ff8b28eba8b
0x00000078fe0fb5b0:   00000078fe0fe730 00007ff8b3014c08
0x00000078fe0fb5c0:   00000078fe0fe730 00000078fe0fb6b0
0x00000078fe0fb5d0:   000001da00000000 00007ff8b2ceb7fb
0x00000078fe0fb5e0:   000000780000000f 00000078fe0fe730
0x00000078fe0fb5f0:   00000078fe0fb760 0000000000000000
0x00000078fe0fb600:   000001da00000100 00007ff8b3014c08 

Instructions: (pc=0x00007ff8b298e0a9)
0x00007ff8b298dfa9:   3b d0 75 0b ff c1 41 3b c9 7c dc 48 8b c2 c3 33
0x00007ff8b298dfb9:   c0 c3 cc cc cc cc cc 48 89 5c 24 18 55 56 57 41
0x00007ff8b298dfc9:   55 41 57 48 8b ec 48 83 ec 70 65 48 8b 04 25 58
0x00007ff8b298dfd9:   00 00 00 48 8b f2 44 8b 05 d2 8b 90 00 4c 8b f9
0x00007ff8b298dfe9:   4a 8b 1c c0 b8 50 00 00 00 80 3c 18 00 75 05 e8
0x00007ff8b298dff9:   8b 6f 5d 00 b8 20 00 00 00 48 8b 04 18 48 8b 98
0x00007ff8b298e009:   38 02 00 00 48 89 5d b0 c7 45 b8 04 00 00 00 48
0x00007ff8b298e019:   8b 43 18 48 83 f8 df 76 18 4c 8d 05 37 a9 65 00
0x00007ff8b298e029:   ba 20 00 00 00 48 8b cb e8 5a eb de ff 48 8b 43
0x00007ff8b298e039:   18 48 8d 48 20 48 3b 4b 20 76 11 45 33 c0 48 8b
0x00007ff8b298e049:   cb 41 8d 50 20 e8 fd e8 de ff eb 04 48 89 4b 18
0x00007ff8b298e059:   44 8b 45 b8 33 d2 49 c1 e0 03 48 8b c8 48 89 45
0x00007ff8b298e069:   c0 e8 e3 80 5d 00 45 33 ed 48 8d 4d d0 44 89 6d
0x00007ff8b298e079:   c8 e8 01 59 56 00 41 8b 9f 40 02 00 00 41 2b 9f
0x00007ff8b298e089:   68 02 00 00 44 89 6d f0 3b 5d b8 72 0b 8b d3 48
0x00007ff8b298e099:   8d 4d b0 e8 6f b3 39 00 48 8b 45 c0 4c 89 2c d8
0x00007ff8b298e0a9:   8b 7e 28 8b df c1 eb 05 3b 5d d0 72 0b 8b d3 48
0x00007ff8b298e0b9:   8d 4d d0 e8 1f 59 56 00 48 8b 45 d8 83 e7 1f 48
0x00007ff8b298e0c9:   8d 14 98 40 0f b6 cf 41 b8 01 00 00 00 41 d3 e0
0x00007ff8b298e0d9:   8b 0a 8b c1 41 0b c0 89 02 41 85 c8 75 21 8b 5d
0x00007ff8b298e0e9:   c8 8d 43 01 89 45 c8 3b 5d b8 72 0b 8b d3 48 8d
0x00007ff8b298e0f9:   4d b0 e8 10 b3 39 00 48 8b 45 c0 48 89 34 d8 44
0x00007ff8b298e109:   39 6d c8 0f 86 77 01 00 00 4c 89 a4 24 a0 00 00
0x00007ff8b298e119:   00 4c 89 b4 24 a8 00 00 00 48 8b 45 c0 41 8b cd
0x00007ff8b298e129:   48 8b 34 c8 8b 46 2c 25 ff 1f 00 00 3d 04 10 00
0x00007ff8b298e139:   00 0f 85 a7 00 00 00 bb 01 00 00 00 39 5e 18 76
0x00007ff8b298e149:   39 66 0f 1f 44 00 00 48 8b 46 08 8b cb 48 8b 14
0x00007ff8b298e159:   c8 48 85 d2 74 1d 48 83 7a 10 00 74 16 80 7a 2c
0x00007ff8b298e169:   84 74 10 e8 7f 7e ee ff 48 8b d0 49 8b cf e8 a4
0x00007ff8b298e179:   61 f6 ff ff c3 3b 5e 18 72 cd 48 8b 5e 10 8b 46
0x00007ff8b298e189:   20 4c 8d 34 c3 49 3b de 73 54 48 8b 3b 8b 47 2c
0x00007ff8b298e199:   83 e0 03 3c 03 75 2e 48 8b 07 48 8b cf ff 90 88 


Stack slot to memory mapping:
stack at sp + 0 slots: 0x0000000000001857 is an unknown value
stack at sp + 1 slots: 0x0 is NULL
stack at sp + 2 slots: 0x00000078fe0fe730 is pointing into the stack for thread: 0x000001dabae95cb0
stack at sp + 3 slots: 0x00007ff8b28f38d1 jvm.dll
stack at sp + 4 slots: 0x000001dabae8a290 points into unknown readable memory: 0x0000000000000006 | 06 00 00 00 00 00 00 00
stack at sp + 5 slots: 0x00007ff800002000 is an unknown value
stack at sp + 6 slots: 0x000001dae67d3210 points into unknown readable memory: 0x0000000000000000 | 00 00 00 00 00 00 00 00
stack at sp + 7 slots: 0x0 is NULL


---------------  P R O C E S S  ---------------

Threads class SMR info:
_java_thread_list=0x000001dae52c5bb0, length=88, elements={
0x000001da9d2a1550, 0x000001dabae73dc0, 0x000001dabae749e0, 0x000001dabae88e30,
0x000001dabae89ae0, 0x000001dabae8da00, 0x000001dabae91ef0, 0x000001dabae95cb0,
0x000001dabae9eeb0, 0x000001dabaeaf3b0, 0x000001dabae5d1a0, 0x000001dada184d30,
0x000001dadb19dfe0, 0x000001dadac66f20, 0x000001dadb0c3930, 0x000001dadbc5f3b0,
0x000001dadbc5da60, 0x000001dadbc5fdd0, 0x000001dadbc607f0, 0x000001dadc67f120,
0x000001dadc680050, 0x000001dadc6832f0, 0x000001dadc683800, 0x000001dadc685150,
0x000001dadc6819a0, 0x000001dadd7df290, 0x000001dae0066be0, 0x000001dae006c700,
0x000001dae0069460, 0x000001dae00666d0, 0x000001dae0069970, 0x000001dae0067600,
0x000001dae0069e80, 0x000001dae0065cb0, 0x000001dae006a390, 0x000001dae00661c0,
0x000001dae006a8a0, 0x000001dae006b2c0, 0x000001dae0067b10, 0x000001dae006b7d0,
0x000001dae006bce0, 0x000001dae006c1f0, 0x000001daddd9ecf0, 0x000001dae006d120,
0x000001dadd7dbff0, 0x000001dadd7dde50, 0x000001dadd7e2f50, 0x000001dadd7ded80,
0x000001dadd7e06d0, 0x000001dadd7e1b10, 0x000001dadd7df7a0, 0x000001dadd7e2a40,
0x000001dadd7e3970, 0x000001dadd7dd940, 0x000001dadd7e0be0, 0x000001dadd7dc500,
0x000001dadd7dfcb0, 0x000001dadd7de360, 0x000001dadd7e3460, 0x000001dadd7e01c0,
0x000001dadd7e2020, 0x000001dadd7dca10, 0x000001dadd7e10f0, 0x000001dadd7e1600,
0x000001dadd7dcf20, 0x000001dadb9d5f50, 0x000001dadb9dab40, 0x000001dadb9d5530,
0x000001dadb9d6460, 0x000001dadb9d4b10, 0x000001dadb9d78a0, 0x000001dadb9dba70,
0x000001dadb9d6970, 0x000001dadb9d4600, 0x000001dadb9d91f0, 0x000001dadb9d5020,
0x000001dadb9d5a40, 0x000001dadb9d7db0, 0x000001dadb9d9700, 0x000001dadb9d82c0,
0x000001dadc682de0, 0x000001dadc684c40, 0x000001dadc685b70, 0x000001dadc680a70,
0x000001dadc686590, 0x000001dadc67f630, 0x000001dadc67fb40, 0x000001dadc681eb0
}

Java Threads: ( => current thread )
  0x000001da9d2a1550 JavaThread "main" [_thread_blocked, id=6624, stack(0x00000078fd300000,0x00000078fd400000)]
  0x000001dabae73dc0 JavaThread "Reference Handler" daemon [_thread_blocked, id=7860, stack(0x00000078fda00000,0x00000078fdb00000)]
  0x000001dabae749e0 JavaThread "Finalizer" daemon [_thread_blocked, id=8012, stack(0x00000078fdb00000,0x00000078fdc00000)]
  0x000001dabae88e30 JavaThread "Signal Dispatcher" daemon [_thread_blocked, id=10192, stack(0x00000078fdc00000,0x00000078fdd00000)]
  0x000001dabae89ae0 JavaThread "Attach Listener" daemon [_thread_blocked, id=10480, stack(0x00000078fdd00000,0x00000078fde00000)]
  0x000001dabae8da00 JavaThread "Service Thread" daemon [_thread_blocked, id=9932, stack(0x00000078fde00000,0x00000078fdf00000)]
  0x000001dabae91ef0 JavaThread "Monitor Deflation Thread" daemon [_thread_blocked, id=11672, stack(0x00000078fdf00000,0x00000078fe000000)]
=>0x000001dabae95cb0 JavaThread "C2 CompilerThread0" daemon [_thread_in_native, id=1280, stack(0x00000078fe000000,0x00000078fe100000)]
  0x000001dabae9eeb0 JavaThread "C1 CompilerThread0" daemon [_thread_blocked, id=4896, stack(0x00000078fe100000,0x00000078fe200000)]
  0x000001dabaeaf3b0 JavaThread "Sweeper thread" daemon [_thread_blocked, id=3376, stack(0x00000078fe200000,0x00000078fe300000)]
  0x000001dabae5d1a0 JavaThread "Common-Cleaner" daemon [_thread_blocked, id=5552, stack(0x00000078fe300000,0x00000078fe400000)]
  0x000001dada184d30 JavaThread "Notification Thread" daemon [_thread_blocked, id=9884, stack(0x00000078fe400000,0x00000078fe500000)]
  0x000001dadb19dfe0 JavaThread "Daemon health stats" [_thread_blocked, id=8464, stack(0x00000078fea00000,0x00000078feb00000)]
  0x000001dadac66f20 JavaThread "Incoming local TCP Connector on port 57107" [_thread_in_native, id=2100, stack(0x00000078fe600000,0x00000078fe700000)]
  0x000001dadb0c3930 JavaThread "Daemon periodic checks" [_thread_blocked, id=8000, stack(0x00000078feb00000,0x00000078fec00000)]
  0x000001dadbc5f3b0 JavaThread "Cache worker for journal cache (C:\Users\LENOVO\.gradle\caches\journal-1)" [_thread_blocked, id=8928, stack(0x00000078fec00000,0x00000078fed00000)]
  0x000001dadbc5da60 JavaThread "File lock request listener" [_thread_in_native, id=11456, stack(0x00000078ff400000,0x00000078ff500000)]
  0x000001dadbc5fdd0 JavaThread "Cache worker for file hash cache (C:\Users\LENOVO\.gradle\caches\8.6\fileHashes)" [_thread_blocked, id=7936, stack(0x00000078ff500000,0x00000078ff600000)]
  0x000001dadbc607f0 JavaThread "File watcher server" daemon [_thread_in_native, id=10676, stack(0x00000078ff700000,0x00000078ff800000)]
  0x000001dadc67f120 JavaThread "File watcher consumer" daemon [_thread_blocked, id=6496, stack(0x00000078ff800000,0x00000078ff900000)]
  0x000001dadc680050 JavaThread "Cache worker for file content cache (C:\Users\LENOVO\.gradle\caches\8.6\fileContent)" [_thread_blocked, id=8496, stack(0x00000078ffc00000,0x00000078ffd00000)]
  0x000001dadc6832f0 JavaThread "jar transforms" [_thread_blocked, id=10608, stack(0x00000078ffe00000,0x00000078fff00000)]
  0x000001dadc683800 JavaThread "jar transforms Thread 2" [_thread_blocked, id=4676, stack(0x00000078fff00000,0x0000007900000000)]
  0x000001dadc685150 JavaThread "jar transforms Thread 3" [_thread_blocked, id=6096, stack(0x0000007880000000,0x0000007880100000)]
  0x000001dadc6819a0 JavaThread "jar transforms Thread 4" [_thread_blocked, id=2960, stack(0x0000007880100000,0x0000007880200000)]
  0x000001dadd7df290 JavaThread "Memory manager" [_thread_blocked, id=7668, stack(0x0000007880800000,0x0000007880900000)]
  0x000001dae0066be0 JavaThread "Monitor" [_thread_in_native, id=6792, stack(0x0000007883f00000,0x0000007884000000)]
  0x000001dae006c700 JavaThread "Device List Monitor" [_thread_in_native, id=9760, stack(0x0000007884000000,0x0000007884100000)]
  0x000001dae0069460 JavaThread "Daemon Thread 2" [_thread_blocked, id=1628, stack(0x0000007880200000,0x0000007880300000)]
  0x000001dae00666d0 JavaThread "Handler for socket connection from /127.0.0.1:57107 to /127.0.0.1:57521" [_thread_in_native, id=9416, stack(0x0000007880300000,0x0000007880400000)]
  0x000001dae0069970 JavaThread "Cancel handler" [_thread_blocked, id=9756, stack(0x0000007880400000,0x0000007880500000)]
  0x000001dae0067600 JavaThread "Daemon worker Thread 2" [_thread_blocked, id=8268, stack(0x0000007880500000,0x0000007880600000)]
  0x000001dae0069e80 JavaThread "Asynchronous log dispatcher for DefaultDaemonConnection: socket connection from /127.0.0.1:57107 to /127.0.0.1:57521" [_thread_blocked, id=8628, stack(0x0000007880600000,0x0000007880700000)]
  0x000001dae0065cb0 JavaThread "Stdin handler" [_thread_blocked, id=4952, stack(0x0000007880700000,0x0000007880800000)]
  0x000001dae006a390 JavaThread "Daemon client event forwarder" [_thread_blocked, id=11412, stack(0x0000007880900000,0x0000007880a00000)]
  0x000001dae00661c0 JavaThread "Cache worker for checksums cache (C:\Users\LENOVO\Desktop\WeApp\android\.gradle\8.6\checksums)" [_thread_blocked, id=7856, stack(0x0000007880b00000,0x0000007880c00000)]
  0x000001dae006a8a0 JavaThread "Cache worker for file hash cache (C:\Users\LENOVO\Desktop\WeApp\android\.gradle\8.6\fileHashes)" [_thread_blocked, id=8052, stack(0x0000007880c00000,0x0000007880d00000)]
  0x000001dae006b2c0 JavaThread "Cache worker for cache directory md-supplier (C:\Users\LENOVO\.gradle\caches\8.6\md-supplier)" [_thread_blocked, id=6640, stack(0x0000007880d00000,0x0000007880e00000)]
  0x000001dae0067b10 JavaThread "Cache worker for cache directory md-rule (C:\Users\LENOVO\.gradle\caches\8.6\md-rule)" [_thread_blocked, id=9184, stack(0x0000007880e00000,0x0000007880f00000)]
  0x000001dae006b7d0 JavaThread "Exec process Thread 4" [_thread_blocked, id=7524, stack(0x0000007880f00000,0x0000007881000000)]
  0x000001dae006bce0 JavaThread "Exec process Thread 5" [_thread_blocked, id=4104, stack(0x0000007881000000,0x0000007881100000)]
  0x000001dae006c1f0 JavaThread "Exec process Thread 6" [_thread_blocked, id=4848, stack(0x0000007881100000,0x0000007881200000)]
  0x000001daddd9ecf0 JavaThread "C2 CompilerThread1" daemon [_thread_in_native, id=7016, stack(0x0000007880a00000,0x0000007880b00000)]
  0x000001dae006d120 JavaThread "Unconstrained build operations" [_thread_blocked, id=9480, stack(0x0000007881200000,0x0000007881300000)]
  0x000001dadd7dbff0 JavaThread "Unconstrained build operations Thread 2" [_thread_blocked, id=7964, stack(0x0000007881300000,0x0000007881400000)]
  0x000001dadd7dde50 JavaThread "Cache worker for Build Output Cleanup Cache (C:\Users\LENOVO\Desktop\WeApp\node_modules\@react-native\gradle-plugin\.gradle\buildOutputCleanup)" [_thread_blocked, id=10884, stack(0x0000007881400000,0x0000007881500000)]
  0x000001dadd7e2f50 JavaThread "Unconstrained build operations Thread 3" [_thread_blocked, id=10588, stack(0x0000007881500000,0x0000007881600000)]
  0x000001dadd7ded80 JavaThread "Unconstrained build operations Thread 4" [_thread_blocked, id=9688, stack(0x0000007881600000,0x0000007881700000)]
  0x000001dadd7e06d0 JavaThread "Unconstrained build operations Thread 5" [_thread_blocked, id=7552, stack(0x0000007881700000,0x0000007881800000)]
  0x000001dadd7e1b10 JavaThread "build event listener" [_thread_blocked, id=11920, stack(0x0000007881800000,0x0000007881900000)]
  0x000001dadd7df7a0 JavaThread "Cache worker for Build Output Cleanup Cache (C:\Users\LENOVO\Desktop\WeApp\android\.gradle\buildOutputCleanup)" [_thread_blocked, id=4384, stack(0x0000007881900000,0x0000007881a00000)]
  0x000001dadd7e2a40 JavaThread "ForkJoinPool.commonPool-worker-4" daemon [_thread_blocked, id=6720, stack(0x0000007881a00000,0x0000007881b00000)]
  0x000001dadd7e3970 JavaThread "ForkJoinPool.commonPool-worker-5" daemon [_thread_blocked, id=4568, stack(0x0000007881b00000,0x0000007881c00000)]
  0x000001dadd7dd940 JavaThread "ForkJoinPool.commonPool-worker-6" daemon [_thread_blocked, id=8588, stack(0x0000007881c00000,0x0000007881d00000)]
  0x000001dadd7e0be0 JavaThread "included builds" [_thread_in_vm, id=2020, stack(0x0000007881d00000,0x0000007881e00000)]
  0x000001dadd7dc500 JavaThread "Execution worker" [_thread_blocked, id=8852, stack(0x0000007881e00000,0x0000007881f00000)]
  0x000001dadd7dfcb0 JavaThread "Execution worker Thread 2" [_thread_blocked, id=5968, stack(0x0000007881f00000,0x0000007882000000)]
  0x000001dadd7de360 JavaThread "Execution worker Thread 3" [_thread_blocked, id=5148, stack(0x0000007882000000,0x0000007882100000)]
  0x000001dadd7e3460 JavaThread "Cache worker for execution history cache (C:\Users\LENOVO\Desktop\WeApp\node_modules\@react-native\gradle-plugin\.gradle\8.6\executionHistory)" [_thread_blocked, id=8580, stack(0x0000007882100000,0x0000007882200000)]
  0x000001dadd7e01c0 JavaThread "Unconstrained build operations Thread 6" [_thread_blocked, id=8236, stack(0x0000007882200000,0x0000007882300000)]
  0x000001dadd7e2020 JavaThread "Unconstrained build operations Thread 7" [_thread_blocked, id=620, stack(0x0000007882300000,0x0000007882400000)]
  0x000001dadd7dca10 JavaThread "Unconstrained build operations Thread 8" [_thread_blocked, id=5484, stack(0x0000007882400000,0x0000007882500000)]
  0x000001dadd7e10f0 JavaThread "Unconstrained build operations Thread 9" [_thread_blocked, id=10532, stack(0x0000007882500000,0x0000007882600000)]
  0x000001dadd7e1600 JavaThread "Unconstrained build operations Thread 10" [_thread_blocked, id=612, stack(0x0000007882600000,0x0000007882700000)]
  0x000001dadd7dcf20 JavaThread "Unconstrained build operations Thread 11" [_thread_blocked, id=7376, stack(0x0000007882700000,0x0000007882800000)]
  0x000001dadb9d5f50 JavaThread "Unconstrained build operations Thread 12" [_thread_blocked, id=3204, stack(0x0000007882800000,0x0000007882900000)]
  0x000001dadb9dab40 JavaThread "Unconstrained build operations Thread 13" [_thread_blocked, id=8984, stack(0x0000007882900000,0x0000007882a00000)]
  0x000001dadb9d5530 JavaThread "build event listener" [_thread_blocked, id=6708, stack(0x0000007882a00000,0x0000007882b00000)]
  0x000001dadb9d6460 JavaThread "Unconstrained build operations Thread 14" [_thread_blocked, id=5352, stack(0x0000007882b00000,0x0000007882c00000)]
  0x000001dadb9d4b10 JavaThread "Unconstrained build operations Thread 15" [_thread_blocked, id=9936, stack(0x0000007882c00000,0x0000007882d00000)]
  0x000001dadb9d78a0 JavaThread "Unconstrained build operations Thread 16" [_thread_blocked, id=11564, stack(0x0000007882d00000,0x0000007882e00000)]
  0x000001dadb9dba70 JavaThread "Unconstrained build operations Thread 17" [_thread_blocked, id=8640, stack(0x0000007882e00000,0x0000007882f00000)]
  0x000001dadb9d6970 JavaThread "Unconstrained build operations Thread 18" [_thread_blocked, id=9676, stack(0x0000007882f00000,0x0000007883000000)]
  0x000001dadb9d4600 JavaThread "Unconstrained build operations Thread 19" [_thread_blocked, id=11096, stack(0x0000007883000000,0x0000007883100000)]
  0x000001dadb9d91f0 JavaThread "Unconstrained build operations Thread 20" [_thread_blocked, id=6520, stack(0x0000007883100000,0x0000007883200000)]
  0x000001dadb9d5020 JavaThread "Unconstrained build operations Thread 21" [_thread_blocked, id=252, stack(0x0000007883200000,0x0000007883300000)]
  0x000001dadb9d5a40 JavaThread "Unconstrained build operations Thread 22" [_thread_blocked, id=7336, stack(0x0000007883300000,0x0000007883400000)]
  0x000001dadb9d7db0 JavaThread "Unconstrained build operations Thread 23" [_thread_blocked, id=10956, stack(0x0000007883400000,0x0000007883500000)]
  0x000001dadb9d9700 JavaThread "Unconstrained build operations Thread 24" [_thread_blocked, id=11524, stack(0x0000007883500000,0x0000007883600000)]
  0x000001dadb9d82c0 JavaThread "Unconstrained build operations Thread 25" [_thread_new, id=4784, stack(0x0000000000000000,0x0000000000000000)]
  0x000001dadc682de0 JavaThread "Unconstrained build operations Thread 26" [_thread_new, id=1604, stack(0x0000000000000000,0x0000000000000000)]
  0x000001dadc684c40 JavaThread "Unconstrained build operations Thread 27" [_thread_new, id=6224, stack(0x0000000000000000,0x0000000000000000)]
  0x000001dadc685b70 JavaThread "Unconstrained build operations Thread 28" [_thread_new, id=10168, stack(0x0000000000000000,0x0000000000000000)]
  0x000001dadc680a70 JavaThread "Unconstrained build operations Thread 29" [_thread_new, id=7832, stack(0x0000000000000000,0x0000000000000000)]
  0x000001dadc686590 JavaThread "Unconstrained build operations Thread 30" [_thread_new, id=11468, stack(0x0000000000000000,0x0000000000000000)]
  0x000001dadc67f630 JavaThread "Unconstrained build operations Thread 31" [_thread_new, id=3844, stack(0x0000000000000000,0x0000000000000000)]
  0x000001dadc67fb40 JavaThread "Unconstrained build operations Thread 32" [_thread_new, id=7284, stack(0x0000000000000000,0x0000000000000000)]
  0x000001dadc681eb0 JavaThread "Unconstrained build operations Thread 33" [_thread_new, id=9980, stack(0x0000000000000000,0x0000000000000000)]

Other Threads:
  0x000001dabae6b5d0 VMThread "VM Thread" [stack: 0x00000078fd900000,0x00000078fda00000] [id=5840]
  0x000001dada21a950 WatcherThread [stack: 0x00000078fe500000,0x00000078fe600000] [id=7100]
  0x000001da9d2fe930 GCTaskThread "GC Thread#0" [stack: 0x00000078fd400000,0x00000078fd500000] [id=6636]
  0x000001dada2934e0 GCTaskThread "GC Thread#1" [stack: 0x00000078fe700000,0x00000078fe800000] [id=3016]
  0x000001dada2937a0 GCTaskThread "GC Thread#2" [stack: 0x00000078fe800000,0x00000078fe900000] [id=11604]
  0x000001dada589a50 GCTaskThread "GC Thread#3" [stack: 0x00000078fe900000,0x00000078fea00000] [id=6472]
  0x000001da9d3107a0 ConcurrentGCThread "G1 Main Marker" [stack: 0x00000078fd500000,0x00000078fd600000] [id=1260]
  0x000001da9d311860 ConcurrentGCThread "G1 Conc#0" [stack: 0x00000078fd600000,0x00000078fd700000] [id=11028]
  0x000001da9d35e420 ConcurrentGCThread "G1 Refine#0" [stack: 0x00000078fd700000,0x00000078fd800000] [id=7504]
  0x000001da9d35e970 ConcurrentGCThread "G1 Service" [stack: 0x00000078fd800000,0x00000078fd900000] [id=11536]

Threads with active compile tasks:
C2 CompilerThread0  6357477 15727   !   4       org.gradle.cache.internal.DefaultMultiProcessSafeIndexedCache::getIfPresent (25 bytes)
C1 CompilerThread0  6357477 15966       2       org.gradle.execution.plan.DefaultFinalizedExecutionPlan::updateAllDependenciesCompleteForPredecessors (12 bytes)
C2 CompilerThread1  6357477 15842       4       org.gradle.api.internal.artifacts.transform.AttributeMatchingArtifactVariantSelector::doSelect (352 bytes)

VM state: not at safepoint (normal execution)

VM Mutex/Monitor currently owned by a thread: None

Heap address: 0x0000000080000000, size: 2048 MB, Compressed Oops mode: 32-bit

CDS archive(s) mapped at: [0x000001dabb000000-0x000001dabbbd0000-0x000001dabbbd0000), size 12386304, SharedBaseAddress: 0x000001dabb000000, ArchiveRelocationMode: 1.
Compressed class space mapped at: 0x000001dabc000000-0x000001dad6000000, reserved size: 436207616
Narrow klass base: 0x000001dabb000000, Narrow klass shift: 0, Narrow klass range: 0x100000000

GC Precious Log:
 CPUs: 4 total, 4 available
 Memory: 12126M
 Large Page Support: Disabled
 NUMA Support: Disabled
 Compressed Oops: Enabled (32-bit)
 Heap Region Size: 1M
 Heap Min Capacity: 8M
 Heap Initial Capacity: 190M
 Heap Max Capacity: 2G
 Pre-touch: Disabled
 Parallel Workers: 4
 Concurrent Workers: 1
 Concurrent Refinement Workers: 4
 Periodic GC: Disabled

Heap:
 garbage-first heap   total 303104K, used 160011K [0x0000000080000000, 0x0000000100000000)
  region size 1024K, 37 young (37888K), 16 survivors (16384K)
 Metaspace       used 108280K, committed 109184K, reserved 557056K
  class space    used 14873K, committed 15296K, reserved 425984K

Heap Regions: E=young(eden), S=young(survivor), O=old, HS=humongous(starts), HC=humongous(continues), CS=collection set, F=free, OA=open archive, CA=closed archive, TAMS=top-at-mark-start (previous, next)
|   0|0x0000000080000000, 0x0000000080100000, 0x0000000080100000|100%| O|  |TAMS 0x0000000080100000, 0x0000000080100000| Untracked 
|   1|0x0000000080100000, 0x0000000080200000, 0x0000000080200000|100%| O|  |TAMS 0x0000000080200000, 0x0000000080200000| Untracked 
|   2|0x0000000080200000, 0x0000000080300000, 0x0000000080300000|100%|HS|  |TAMS 0x0000000080300000, 0x0000000080300000| Complete 
|   3|0x0000000080300000, 0x0000000080400000, 0x0000000080400000|100%|HC|  |TAMS 0x0000000080400000, 0x0000000080400000| Complete 
|   4|0x0000000080400000, 0x0000000080500000, 0x0000000080500000|100%|HC|  |TAMS 0x0000000080500000, 0x0000000080500000| Complete 
|   5|0x0000000080500000, 0x0000000080600000, 0x0000000080600000|100%|HC|  |TAMS 0x0000000080600000, 0x0000000080600000| Complete 
|   6|0x0000000080600000, 0x0000000080700000, 0x0000000080700000|100%| O|  |TAMS 0x0000000080700000, 0x0000000080700000| Untracked 
|   7|0x0000000080700000, 0x0000000080800000, 0x0000000080800000|100%| O|  |TAMS 0x0000000080800000, 0x0000000080800000| Untracked 
|   8|0x0000000080800000, 0x0000000080900000, 0x0000000080900000|100%| O|  |TAMS 0x0000000080900000, 0x0000000080900000| Untracked 
|   9|0x0000000080900000, 0x0000000080a00000, 0x0000000080a00000|100%| O|  |TAMS 0x0000000080a00000, 0x0000000080a00000| Untracked 
|  10|0x0000000080a00000, 0x0000000080b00000, 0x0000000080b00000|100%| O|  |TAMS 0x0000000080b00000, 0x0000000080b00000| Untracked 
|  11|0x0000000080b00000, 0x0000000080c00000, 0x0000000080c00000|100%| O|  |TAMS 0x0000000080c00000, 0x0000000080c00000| Untracked 
|  12|0x0000000080c00000, 0x0000000080d00000, 0x0000000080d00000|100%| O|  |TAMS 0x0000000080d00000, 0x0000000080d00000| Untracked 
|  13|0x0000000080d00000, 0x0000000080e00000, 0x0000000080e00000|100%| O|  |TAMS 0x0000000080e00000, 0x0000000080e00000| Untracked 
|  14|0x0000000080e00000, 0x0000000080f00000, 0x0000000080f00000|100%| O|  |TAMS 0x0000000080f00000, 0x0000000080f00000| Untracked 
|  15|0x0000000080f00000, 0x0000000081000000, 0x0000000081000000|100%| O|  |TAMS 0x0000000081000000, 0x0000000081000000| Untracked 
|  16|0x0000000081000000, 0x0000000081100000, 0x0000000081100000|100%| O|  |TAMS 0x0000000081100000, 0x0000000081100000| Untracked 
|  17|0x0000000081100000, 0x0000000081200000, 0x0000000081200000|100%| O|  |TAMS 0x0000000081200000, 0x0000000081200000| Untracked 
|  18|0x0000000081200000, 0x0000000081300000, 0x0000000081300000|100%| O|  |TAMS 0x0000000081300000, 0x0000000081300000| Untracked 
|  19|0x0000000081300000, 0x0000000081400000, 0x0000000081400000|100%| O|  |TAMS 0x0000000081400000, 0x0000000081400000| Untracked 
|  20|0x0000000081400000, 0x0000000081500000, 0x0000000081500000|100%| O|  |TAMS 0x0000000081500000, 0x0000000081500000| Untracked 
|  21|0x0000000081500000, 0x0000000081600000, 0x0000000081600000|100%| O|  |TAMS 0x0000000081600000, 0x0000000081600000| Untracked 
|  22|0x0000000081600000, 0x0000000081700000, 0x0000000081700000|100%| O|  |TAMS 0x0000000081700000, 0x0000000081700000| Untracked 
|  23|0x0000000081700000, 0x0000000081800000, 0x0000000081800000|100%| O|  |TAMS 0x0000000081800000, 0x0000000081800000| Untracked 
|  24|0x0000000081800000, 0x0000000081900000, 0x0000000081900000|100%| O|  |TAMS 0x0000000081900000, 0x0000000081900000| Untracked 
|  25|0x0000000081900000, 0x0000000081a00000, 0x0000000081a00000|100%| O|  |TAMS 0x0000000081a00000, 0x0000000081a00000| Untracked 
|  26|0x0000000081a00000, 0x0000000081b00000, 0x0000000081b00000|100%| O|  |TAMS 0x0000000081b00000, 0x0000000081b00000| Untracked 
|  27|0x0000000081b00000, 0x0000000081c00000, 0x0000000081c00000|100%| O|  |TAMS 0x0000000081c00000, 0x0000000081c00000| Untracked 
|  28|0x0000000081c00000, 0x0000000081d00000, 0x0000000081d00000|100%| O|  |TAMS 0x0000000081d00000, 0x0000000081d00000| Untracked 
|  29|0x0000000081d00000, 0x0000000081e00000, 0x0000000081e00000|100%| O|  |TAMS 0x0000000081e00000, 0x0000000081e00000| Untracked 
|  30|0x0000000081e00000, 0x0000000081f00000, 0x0000000081f00000|100%| O|  |TAMS 0x0000000081f00000, 0x0000000081f00000| Untracked 
|  31|0x0000000081f00000, 0x0000000082000000, 0x0000000082000000|100%| O|  |TAMS 0x0000000082000000, 0x0000000082000000| Untracked 
|  32|0x0000000082000000, 0x0000000082100000, 0x0000000082100000|100%| O|  |TAMS 0x0000000082100000, 0x0000000082100000| Untracked 
|  33|0x0000000082100000, 0x0000000082200000, 0x0000000082200000|100%| O|  |TAMS 0x0000000082200000, 0x0000000082200000| Untracked 
|  34|0x0000000082200000, 0x0000000082300000, 0x0000000082300000|100%| O|  |TAMS 0x0000000082300000, 0x0000000082300000| Untracked 
|  35|0x0000000082300000, 0x0000000082400000, 0x0000000082400000|100%| O|  |TAMS 0x0000000082400000, 0x0000000082400000| Untracked 
|  36|0x0000000082400000, 0x0000000082500000, 0x0000000082500000|100%| O|  |TAMS 0x0000000082400000, 0x0000000082400000| Untracked 
|  37|0x0000000082500000, 0x0000000082600000, 0x0000000082600000|100%| O|  |TAMS 0x0000000082600000, 0x0000000082600000| Untracked 
|  38|0x0000000082600000, 0x0000000082700000, 0x0000000082700000|100%| O|  |TAMS 0x0000000082700000, 0x0000000082700000| Untracked 
|  39|0x0000000082700000, 0x0000000082800000, 0x0000000082800000|100%| O|  |TAMS 0x0000000082800000, 0x0000000082800000| Untracked 
|  40|0x0000000082800000, 0x0000000082900000, 0x0000000082900000|100%|HS|  |TAMS 0x0000000082900000, 0x0000000082900000| Complete 
|  41|0x0000000082900000, 0x0000000082a00000, 0x0000000082a00000|100%|HC|  |TAMS 0x0000000082a00000, 0x0000000082a00000| Complete 
|  42|0x0000000082a00000, 0x0000000082b00000, 0x0000000082b00000|100%| O|  |TAMS 0x0000000082b00000, 0x0000000082b00000| Untracked 
|  43|0x0000000082b00000, 0x0000000082c00000, 0x0000000082c00000|100%| O|  |TAMS 0x0000000082c00000, 0x0000000082c00000| Untracked 
|  44|0x0000000082c00000, 0x0000000082d00000, 0x0000000082d00000|100%|HS|  |TAMS 0x0000000082d00000, 0x0000000082d00000| Complete 
|  45|0x0000000082d00000, 0x0000000082e00000, 0x0000000082e00000|100%|HC|  |TAMS 0x0000000082e00000, 0x0000000082e00000| Complete 
|  46|0x0000000082e00000, 0x0000000082f00000, 0x0000000082f00000|100%| O|  |TAMS 0x0000000082f00000, 0x0000000082f00000| Untracked 
|  47|0x0000000082f00000, 0x0000000083000000, 0x0000000083000000|100%| O|  |TAMS 0x0000000083000000, 0x0000000083000000| Untracked 
|  48|0x0000000083000000, 0x0000000083100000, 0x0000000083100000|100%| O|  |TAMS 0x0000000083100000, 0x0000000083100000| Untracked 
|  49|0x0000000083100000, 0x0000000083200000, 0x0000000083200000|100%|HS|  |TAMS 0x0000000083200000, 0x0000000083200000| Complete 
|  50|0x0000000083200000, 0x0000000083300000, 0x0000000083300000|100%|HC|  |TAMS 0x0000000083300000, 0x0000000083300000| Complete 
|  51|0x0000000083300000, 0x0000000083400000, 0x0000000083400000|100%|HC|  |TAMS 0x0000000083400000, 0x0000000083400000| Complete 
|  52|0x0000000083400000, 0x0000000083500000, 0x0000000083500000|100%|HC|  |TAMS 0x0000000083500000, 0x0000000083500000| Complete 
|  53|0x0000000083500000, 0x0000000083600000, 0x0000000083600000|100%|HS|  |TAMS 0x0000000083600000, 0x0000000083600000| Complete 
|  54|0x0000000083600000, 0x0000000083700000, 0x0000000083700000|100%|HC|  |TAMS 0x0000000083700000, 0x0000000083700000| Complete 
|  55|0x0000000083700000, 0x0000000083800000, 0x0000000083800000|100%|HC|  |TAMS 0x0000000083800000, 0x0000000083800000| Complete 
|  56|0x0000000083800000, 0x0000000083900000, 0x0000000083900000|100%|HC|  |TAMS 0x0000000083900000, 0x0000000083900000| Complete 
|  57|0x0000000083900000, 0x0000000083a00000, 0x0000000083a00000|100%| O|  |TAMS 0x0000000083a00000, 0x0000000083a00000| Untracked 
|  58|0x0000000083a00000, 0x0000000083b00000, 0x0000000083b00000|100%| O|  |TAMS 0x0000000083b00000, 0x0000000083b00000| Untracked 
|  59|0x0000000083b00000, 0x0000000083c00000, 0x0000000083c00000|100%| O|  |TAMS 0x0000000083c00000, 0x0000000083c00000| Untracked 
|  60|0x0000000083c00000, 0x0000000083d00000, 0x0000000083d00000|100%| O|  |TAMS 0x0000000083d00000, 0x0000000083d00000| Untracked 
|  61|0x0000000083d00000, 0x0000000083e00000, 0x0000000083e00000|100%| O|  |TAMS 0x0000000083e00000, 0x0000000083e00000| Untracked 
|  62|0x0000000083e00000, 0x0000000083f00000, 0x0000000083f00000|100%| O|  |TAMS 0x0000000083f00000, 0x0000000083f00000| Untracked 
|  63|0x0000000083f00000, 0x0000000084000000, 0x0000000084000000|100%| O|  |TAMS 0x0000000084000000, 0x0000000084000000| Untracked 
|  64|0x0000000084000000, 0x0000000084100000, 0x0000000084100000|100%| O|  |TAMS 0x0000000084100000, 0x0000000084100000| Untracked 
|  65|0x0000000084100000, 0x0000000084200000, 0x0000000084200000|100%| O|  |TAMS 0x0000000084200000, 0x0000000084200000| Untracked 
|  66|0x0000000084200000, 0x0000000084300000, 0x0000000084300000|100%| O|  |TAMS 0x0000000084300000, 0x0000000084300000| Untracked 
|  67|0x0000000084300000, 0x0000000084400000, 0x0000000084400000|100%| O|  |TAMS 0x0000000084400000, 0x0000000084400000| Untracked 
|  68|0x0000000084400000, 0x0000000084500000, 0x0000000084500000|100%| O|  |TAMS 0x00000000844e7e00, 0x0000000084500000| Untracked 
|  69|0x0000000084500000, 0x0000000084600000, 0x0000000084600000|100%|HS|  |TAMS 0x0000000084500000, 0x0000000084600000| Complete 
|  70|0x0000000084600000, 0x0000000084700000, 0x0000000084700000|100%|HS|  |TAMS 0x0000000084600000, 0x0000000084700000| Complete 
|  71|0x0000000084700000, 0x0000000084800000, 0x0000000084800000|100%|HS|  |TAMS 0x0000000084700000, 0x0000000084800000| Complete 
|  72|0x0000000084800000, 0x0000000084900000, 0x0000000084900000|100%| O|  |TAMS 0x0000000084800000, 0x0000000084900000| Untracked 
|  73|0x0000000084900000, 0x0000000084a00000, 0x0000000084a00000|100%|HS|  |TAMS 0x0000000084900000, 0x0000000084a00000| Complete 
|  74|0x0000000084a00000, 0x0000000084b00000, 0x0000000084b00000|100%|HS|  |TAMS 0x0000000084a00000, 0x0000000084b00000| Complete 
|  75|0x0000000084b00000, 0x0000000084c00000, 0x0000000084c00000|100%| O|  |TAMS 0x0000000084b00000, 0x0000000084c00000| Untracked 
|  76|0x0000000084c00000, 0x0000000084d00000, 0x0000000084d00000|100%| O|  |TAMS 0x0000000084c00000, 0x0000000084d00000| Untracked 
|  77|0x0000000084d00000, 0x0000000084e00000, 0x0000000084e00000|100%| O|  |TAMS 0x0000000084d00000, 0x0000000084e00000| Untracked 
|  78|0x0000000084e00000, 0x0000000084f00000, 0x0000000084f00000|100%| O|  |TAMS 0x0000000084e00000, 0x0000000084f00000| Untracked 
|  79|0x0000000084f00000, 0x0000000085000000, 0x0000000085000000|100%| O|  |TAMS 0x0000000084f00000, 0x0000000085000000| Untracked 
|  80|0x0000000085000000, 0x0000000085100000, 0x0000000085100000|100%| O|  |TAMS 0x0000000085000000, 0x0000000085100000| Untracked 
|  81|0x0000000085100000, 0x0000000085200000, 0x0000000085200000|100%| O|  |TAMS 0x0000000085100000, 0x0000000085200000| Untracked 
|  82|0x0000000085200000, 0x0000000085300000, 0x0000000085300000|100%| O|  |TAMS 0x0000000085200000, 0x0000000085300000| Untracked 
|  83|0x0000000085300000, 0x0000000085400000, 0x0000000085400000|100%| O|  |TAMS 0x0000000085300000, 0x0000000085400000| Untracked 
|  84|0x0000000085400000, 0x0000000085500000, 0x0000000085500000|100%| O|  |TAMS 0x0000000085400000, 0x00000000854f5400| Untracked 
|  85|0x0000000085500000, 0x0000000085600000, 0x0000000085600000|100%| O|  |TAMS 0x0000000085500000, 0x0000000085500000| Untracked 
|  86|0x0000000085600000, 0x0000000085700000, 0x0000000085700000|100%| O|  |TAMS 0x0000000085600000, 0x0000000085600000| Untracked 
|  87|0x0000000085700000, 0x0000000085800000, 0x0000000085800000|100%| O|  |TAMS 0x0000000085700000, 0x0000000085700000| Untracked 
|  88|0x0000000085800000, 0x0000000085900000, 0x0000000085900000|100%| O|  |TAMS 0x0000000085800000, 0x0000000085800000| Untracked 
|  89|0x0000000085900000, 0x0000000085a00000, 0x0000000085a00000|100%| O|  |TAMS 0x0000000085900000, 0x0000000085900000| Untracked 
|  90|0x0000000085a00000, 0x0000000085b00000, 0x0000000085b00000|100%| O|  |TAMS 0x0000000085a00000, 0x0000000085a00000| Untracked 
|  91|0x0000000085b00000, 0x0000000085c00000, 0x0000000085c00000|100%| O|  |TAMS 0x0000000085b00000, 0x0000000085b00000| Untracked 
|  92|0x0000000085c00000, 0x0000000085d00000, 0x0000000085d00000|100%| O|  |TAMS 0x0000000085c00000, 0x0000000085c00000| Untracked 
|  93|0x0000000085d00000, 0x0000000085e00000, 0x0000000085e00000|100%| O|  |TAMS 0x0000000085d00000, 0x0000000085d00000| Untracked 
|  94|0x0000000085e00000, 0x0000000085f00000, 0x0000000085f00000|100%| O|  |TAMS 0x0000000085e00000, 0x0000000085e00000| Untracked 
|  95|0x0000000085f00000, 0x0000000086000000, 0x0000000086000000|100%| O|  |TAMS 0x0000000085f00000, 0x0000000085f00000| Untracked 
|  96|0x0000000086000000, 0x0000000086100000, 0x0000000086100000|100%| O|  |TAMS 0x0000000086000000, 0x0000000086000000| Untracked 
|  97|0x0000000086100000, 0x0000000086200000, 0x0000000086200000|100%| O|  |TAMS 0x0000000086100000, 0x0000000086100000| Untracked 
|  98|0x0000000086200000, 0x0000000086300000, 0x0000000086300000|100%| O|  |TAMS 0x0000000086200000, 0x0000000086200000| Untracked 
|  99|0x0000000086300000, 0x0000000086400000, 0x0000000086400000|100%| O|  |TAMS 0x0000000086300000, 0x0000000086300000| Untracked 
| 100|0x0000000086400000, 0x0000000086500000, 0x0000000086500000|100%| O|  |TAMS 0x0000000086400000, 0x0000000086400000| Untracked 
| 101|0x0000000086500000, 0x0000000086600000, 0x0000000086600000|100%| O|  |TAMS 0x0000000086500000, 0x0000000086500000| Untracked 
| 102|0x0000000086600000, 0x0000000086700000, 0x0000000086700000|100%| O|  |TAMS 0x0000000086600000, 0x0000000086600000| Untracked 
| 103|0x0000000086700000, 0x0000000086800000, 0x0000000086800000|100%| O|  |TAMS 0x0000000086700000, 0x0000000086700000| Untracked 
| 104|0x0000000086800000, 0x0000000086900000, 0x0000000086900000|100%| O|  |TAMS 0x0000000086800000, 0x0000000086800000| Untracked 
| 105|0x0000000086900000, 0x0000000086a00000, 0x0000000086a00000|100%| O|  |TAMS 0x0000000086900000, 0x0000000086900000| Untracked 
| 106|0x0000000086a00000, 0x0000000086b00000, 0x0000000086b00000|100%| O|  |TAMS 0x0000000086a00000, 0x0000000086a00000| Untracked 
| 107|0x0000000086b00000, 0x0000000086c00000, 0x0000000086c00000|100%| O|  |TAMS 0x0000000086b00000, 0x0000000086b00000| Untracked 
| 108|0x0000000086c00000, 0x0000000086d00000, 0x0000000086d00000|100%| O|  |TAMS 0x0000000086c00000, 0x0000000086c00000| Untracked 
| 109|0x0000000086d00000, 0x0000000086e00000, 0x0000000086e00000|100%| O|  |TAMS 0x0000000086d00000, 0x0000000086d00000| Untracked 
| 110|0x0000000086e00000, 0x0000000086f00000, 0x0000000086f00000|100%| O|  |TAMS 0x0000000086e00000, 0x0000000086e00000| Untracked 
| 111|0x0000000086f00000, 0x0000000087000000, 0x0000000087000000|100%| O|  |TAMS 0x0000000086f00000, 0x0000000086f00000| Untracked 
| 112|0x0000000087000000, 0x0000000087100000, 0x0000000087100000|100%| O|  |TAMS 0x0000000087000000, 0x0000000087000000| Untracked 
| 113|0x0000000087100000, 0x0000000087200000, 0x0000000087200000|100%| O|  |TAMS 0x0000000087100000, 0x0000000087100000| Untracked 
| 114|0x0000000087200000, 0x0000000087242e00, 0x0000000087300000| 26%| O|  |TAMS 0x0000000087200000, 0x0000000087200000| Untracked 
| 115|0x0000000087300000, 0x0000000087300000, 0x0000000087400000|  0%| F|  |TAMS 0x0000000087300000, 0x0000000087300000| Untracked 
| 116|0x0000000087400000, 0x0000000087400000, 0x0000000087500000|  0%| F|  |TAMS 0x0000000087400000, 0x0000000087400000| Untracked 
| 117|0x0000000087500000, 0x0000000087500000, 0x0000000087600000|  0%| F|  |TAMS 0x0000000087500000, 0x0000000087500000| Untracked 
| 118|0x0000000087600000, 0x0000000087600000, 0x0000000087700000|  0%| F|  |TAMS 0x0000000087600000, 0x0000000087600000| Untracked 
| 119|0x0000000087700000, 0x0000000087800000, 0x0000000087800000|100%| O|  |TAMS 0x0000000087700000, 0x0000000087700000| Untracked 
| 120|0x0000000087800000, 0x0000000087900000, 0x0000000087900000|100%| O|  |TAMS 0x0000000087800000, 0x0000000087800000| Untracked 
| 121|0x0000000087900000, 0x0000000087a00000, 0x0000000087a00000|100%| O|  |TAMS 0x0000000087900000, 0x0000000087900000| Untracked 
| 122|0x0000000087a00000, 0x0000000087b00000, 0x0000000087b00000|100%| O|  |TAMS 0x0000000087a00000, 0x0000000087a00000| Untracked 
| 123|0x0000000087b00000, 0x0000000087c00000, 0x0000000087c00000|100%| O|  |TAMS 0x0000000087b00000, 0x0000000087b00000| Untracked 
| 124|0x0000000087c00000, 0x0000000087d00000, 0x0000000087d00000|100%| O|  |TAMS 0x0000000087c00000, 0x0000000087c00000| Untracked 
| 125|0x0000000087d00000, 0x0000000087d00000, 0x0000000087e00000|  0%| F|  |TAMS 0x0000000087d00000, 0x0000000087d00000| Untracked 
| 126|0x0000000087e00000, 0x0000000087e00000, 0x0000000087f00000|  0%| F|  |TAMS 0x0000000087e00000, 0x0000000087e00000| Untracked 
| 127|0x0000000087f00000, 0x0000000087f00000, 0x0000000088000000|  0%| F|  |TAMS 0x0000000087f00000, 0x0000000087f00000| Untracked 
| 128|0x0000000088000000, 0x0000000088000000, 0x0000000088100000|  0%| F|  |TAMS 0x0000000088000000, 0x0000000088000000| Untracked 
| 129|0x0000000088100000, 0x0000000088100000, 0x0000000088200000|  0%| F|  |TAMS 0x0000000088100000, 0x0000000088100000| Untracked 
| 130|0x0000000088200000, 0x0000000088200000, 0x0000000088300000|  0%| F|  |TAMS 0x0000000088200000, 0x0000000088200000| Untracked 
| 131|0x0000000088300000, 0x0000000088300000, 0x0000000088400000|  0%| F|  |TAMS 0x0000000088300000, 0x0000000088300000| Untracked 
| 132|0x0000000088400000, 0x0000000088400000, 0x0000000088500000|  0%| F|  |TAMS 0x0000000088400000, 0x0000000088400000| Untracked 
| 133|0x0000000088500000, 0x0000000088500000, 0x0000000088600000|  0%| F|  |TAMS 0x0000000088500000, 0x0000000088500000| Untracked 
| 134|0x0000000088600000, 0x0000000088600000, 0x0000000088700000|  0%| F|  |TAMS 0x0000000088600000, 0x0000000088600000| Untracked 
| 135|0x0000000088700000, 0x0000000088700000, 0x0000000088800000|  0%| F|  |TAMS 0x0000000088700000, 0x0000000088700000| Untracked 
| 136|0x0000000088800000, 0x0000000088800000, 0x0000000088900000|  0%| F|  |TAMS 0x0000000088800000, 0x0000000088800000| Untracked 
| 137|0x0000000088900000, 0x0000000088900000, 0x0000000088a00000|  0%| F|  |TAMS 0x0000000088900000, 0x0000000088900000| Untracked 
| 138|0x0000000088a00000, 0x0000000088a00000, 0x0000000088b00000|  0%| F|  |TAMS 0x0000000088a00000, 0x0000000088a00000| Untracked 
| 139|0x0000000088b00000, 0x0000000088b00000, 0x0000000088c00000|  0%| F|  |TAMS 0x0000000088b00000, 0x0000000088b00000| Untracked 
| 140|0x0000000088c00000, 0x0000000088c00000, 0x0000000088d00000|  0%| F|  |TAMS 0x0000000088c00000, 0x0000000088c00000| Untracked 
| 141|0x0000000088d00000, 0x0000000088d00000, 0x0000000088e00000|  0%| F|  |TAMS 0x0000000088d00000, 0x0000000088d00000| Untracked 
| 142|0x0000000088e00000, 0x0000000088e00000, 0x0000000088f00000|  0%| F|  |TAMS 0x0000000088e00000, 0x0000000088e00000| Untracked 
| 143|0x0000000088f00000, 0x0000000088f00000, 0x0000000089000000|  0%| F|  |TAMS 0x0000000088f00000, 0x0000000088f00000| Untracked 
| 144|0x0000000089000000, 0x0000000089000000, 0x0000000089100000|  0%| F|  |TAMS 0x0000000089000000, 0x0000000089000000| Untracked 
| 145|0x0000000089100000, 0x0000000089100000, 0x0000000089200000|  0%| F|  |TAMS 0x0000000089100000, 0x0000000089100000| Untracked 
| 146|0x0000000089200000, 0x0000000089200000, 0x0000000089300000|  0%| F|  |TAMS 0x0000000089200000, 0x0000000089200000| Untracked 
| 147|0x0000000089300000, 0x0000000089300000, 0x0000000089400000|  0%| F|  |TAMS 0x0000000089300000, 0x0000000089300000| Untracked 
| 148|0x0000000089400000, 0x0000000089400000, 0x0000000089500000|  0%| F|  |TAMS 0x0000000089400000, 0x0000000089400000| Untracked 
| 149|0x0000000089500000, 0x0000000089500000, 0x0000000089600000|  0%| F|  |TAMS 0x0000000089500000, 0x0000000089500000| Untracked 
| 150|0x0000000089600000, 0x0000000089600000, 0x0000000089700000|  0%| F|  |TAMS 0x0000000089600000, 0x0000000089600000| Untracked 
| 151|0x0000000089700000, 0x0000000089700000, 0x0000000089800000|  0%| F|  |TAMS 0x0000000089700000, 0x0000000089700000| Untracked 
| 152|0x0000000089800000, 0x0000000089800000, 0x0000000089900000|  0%| F|  |TAMS 0x0000000089800000, 0x0000000089800000| Untracked 
| 153|0x0000000089900000, 0x0000000089900000, 0x0000000089a00000|  0%| F|  |TAMS 0x0000000089900000, 0x0000000089900000| Untracked 
| 154|0x0000000089a00000, 0x0000000089a00000, 0x0000000089b00000|  0%| F|  |TAMS 0x0000000089a00000, 0x0000000089a00000| Untracked 
| 155|0x0000000089b00000, 0x0000000089b00000, 0x0000000089c00000|  0%| F|  |TAMS 0x0000000089b00000, 0x0000000089b00000| Untracked 
| 156|0x0000000089c00000, 0x0000000089c00000, 0x0000000089d00000|  0%| F|  |TAMS 0x0000000089c00000, 0x0000000089c00000| Untracked 
| 157|0x0000000089d00000, 0x0000000089d00000, 0x0000000089e00000|  0%| F|  |TAMS 0x0000000089d00000, 0x0000000089d00000| Untracked 
| 158|0x0000000089e00000, 0x0000000089e00000, 0x0000000089f00000|  0%| F|  |TAMS 0x0000000089e00000, 0x0000000089e00000| Untracked 
| 159|0x0000000089f00000, 0x000000008a000000, 0x000000008a000000|100%| S|CS|TAMS 0x0000000089f00000, 0x0000000089f00000| Complete 
| 160|0x000000008a000000, 0x000000008a100000, 0x000000008a100000|100%| S|CS|TAMS 0x000000008a000000, 0x000000008a000000| Complete 
| 161|0x000000008a100000, 0x000000008a200000, 0x000000008a200000|100%| S|CS|TAMS 0x000000008a100000, 0x000000008a100000| Complete 
| 162|0x000000008a200000, 0x000000008a300000, 0x000000008a300000|100%| S|CS|TAMS 0x000000008a200000, 0x000000008a200000| Complete 
| 163|0x000000008a300000, 0x000000008a400000, 0x000000008a400000|100%| S|CS|TAMS 0x000000008a300000, 0x000000008a300000| Complete 
| 164|0x000000008a400000, 0x000000008a400000, 0x000000008a500000|  0%| F|  |TAMS 0x000000008a400000, 0x000000008a400000| Untracked 
| 165|0x000000008a500000, 0x000000008a500000, 0x000000008a600000|  0%| F|  |TAMS 0x000000008a500000, 0x000000008a500000| Untracked 
| 166|0x000000008a600000, 0x000000008a700000, 0x000000008a700000|100%| S|CS|TAMS 0x000000008a600000, 0x000000008a600000| Complete 
| 167|0x000000008a700000, 0x000000008a800000, 0x000000008a800000|100%| S|CS|TAMS 0x000000008a700000, 0x000000008a700000| Complete 
| 168|0x000000008a800000, 0x000000008a900000, 0x000000008a900000|100%| S|CS|TAMS 0x000000008a800000, 0x000000008a800000| Complete 
| 169|0x000000008a900000, 0x000000008aa00000, 0x000000008aa00000|100%| S|CS|TAMS 0x000000008a900000, 0x000000008a900000| Complete 
| 170|0x000000008aa00000, 0x000000008ab00000, 0x000000008ab00000|100%| S|CS|TAMS 0x000000008aa00000, 0x000000008aa00000| Complete 
| 171|0x000000008ab00000, 0x000000008ac00000, 0x000000008ac00000|100%| S|CS|TAMS 0x000000008ab00000, 0x000000008ab00000| Complete 
| 172|0x000000008ac00000, 0x000000008ad00000, 0x000000008ad00000|100%| S|CS|TAMS 0x000000008ac00000, 0x000000008ac00000| Complete 
| 173|0x000000008ad00000, 0x000000008ae00000, 0x000000008ae00000|100%| S|CS|TAMS 0x000000008ad00000, 0x000000008ad00000| Complete 
| 174|0x000000008ae00000, 0x000000008af00000, 0x000000008af00000|100%| S|CS|TAMS 0x000000008ae00000, 0x000000008ae00000| Complete 
| 175|0x000000008af00000, 0x000000008af00000, 0x000000008b000000|  0%| F|  |TAMS 0x000000008af00000, 0x000000008af00000| Untracked 
| 176|0x000000008b000000, 0x000000008b000000, 0x000000008b100000|  0%| F|  |TAMS 0x000000008b000000, 0x000000008b000000| Untracked 
| 177|0x000000008b100000, 0x000000008b100000, 0x000000008b200000|  0%| F|  |TAMS 0x000000008b100000, 0x000000008b100000| Untracked 
| 178|0x000000008b200000, 0x000000008b200000, 0x000000008b300000|  0%| F|  |TAMS 0x000000008b200000, 0x000000008b200000| Untracked 
| 179|0x000000008b300000, 0x000000008b300000, 0x000000008b400000|  0%| F|  |TAMS 0x000000008b300000, 0x000000008b300000| Untracked 
| 180|0x000000008b400000, 0x000000008b400000, 0x000000008b500000|  0%| F|  |TAMS 0x000000008b400000, 0x000000008b400000| Untracked 
| 181|0x000000008b500000, 0x000000008b500000, 0x000000008b600000|  0%| F|  |TAMS 0x000000008b500000, 0x000000008b500000| Untracked 
| 182|0x000000008b600000, 0x000000008b700000, 0x000000008b700000|100%| S|CS|TAMS 0x000000008b600000, 0x000000008b600000| Complete 
| 183|0x000000008b700000, 0x000000008b800000, 0x000000008b800000|100%| S|CS|TAMS 0x000000008b700000, 0x000000008b700000| Complete 
| 184|0x000000008b800000, 0x000000008b800000, 0x000000008b900000|  0%| F|  |TAMS 0x000000008b800000, 0x000000008b800000| Untracked 
| 185|0x000000008b900000, 0x000000008b900000, 0x000000008ba00000|  0%| F|  |TAMS 0x000000008b900000, 0x000000008b900000| Untracked 
| 186|0x000000008ba00000, 0x000000008ba00000, 0x000000008bb00000|  0%| F|  |TAMS 0x000000008ba00000, 0x000000008ba00000| Untracked 
| 187|0x000000008bb00000, 0x000000008bb00000, 0x000000008bc00000|  0%| F|  |TAMS 0x000000008bb00000, 0x000000008bb00000| Untracked 
| 188|0x000000008bc00000, 0x000000008bc00000, 0x000000008bd00000|  0%| F|  |TAMS 0x000000008bc00000, 0x000000008bc00000| Untracked 
| 189|0x000000008bd00000, 0x000000008bd00000, 0x000000008be00000|  0%| F|  |TAMS 0x000000008bd00000, 0x000000008bd00000| Untracked 
| 190|0x000000008be00000, 0x000000008be00000, 0x000000008bf00000|  0%| F|  |TAMS 0x000000008be00000, 0x000000008be00000| Untracked 
| 191|0x000000008bf00000, 0x000000008bf00000, 0x000000008c000000|  0%| F|  |TAMS 0x000000008bf00000, 0x000000008bf00000| Untracked 
| 192|0x000000008c000000, 0x000000008c000000, 0x000000008c100000|  0%| F|  |TAMS 0x000000008c000000, 0x000000008c000000| Untracked 
| 193|0x000000008c100000, 0x000000008c100000, 0x000000008c200000|  0%| F|  |TAMS 0x000000008c100000, 0x000000008c100000| Untracked 
| 194|0x000000008c200000, 0x000000008c200000, 0x000000008c300000|  0%| F|  |TAMS 0x000000008c200000, 0x000000008c200000| Untracked 
| 195|0x000000008c300000, 0x000000008c300000, 0x000000008c400000|  0%| F|  |TAMS 0x000000008c300000, 0x000000008c300000| Untracked 
| 196|0x000000008c400000, 0x000000008c400000, 0x000000008c500000|  0%| F|  |TAMS 0x000000008c400000, 0x000000008c400000| Untracked 
| 197|0x000000008c500000, 0x000000008c500000, 0x000000008c600000|  0%| F|  |TAMS 0x000000008c500000, 0x000000008c500000| Untracked 
| 198|0x000000008c600000, 0x000000008c600000, 0x000000008c700000|  0%| F|  |TAMS 0x000000008c600000, 0x000000008c600000| Untracked 
| 199|0x000000008c700000, 0x000000008c700000, 0x000000008c800000|  0%| F|  |TAMS 0x000000008c700000, 0x000000008c700000| Untracked 
| 200|0x000000008c800000, 0x000000008c800000, 0x000000008c900000|  0%| F|  |TAMS 0x000000008c800000, 0x000000008c800000| Untracked 
| 201|0x000000008c900000, 0x000000008c900000, 0x000000008ca00000|  0%| F|  |TAMS 0x000000008c900000, 0x000000008c900000| Untracked 
| 202|0x000000008ca00000, 0x000000008ca00000, 0x000000008cb00000|  0%| F|  |TAMS 0x000000008ca00000, 0x000000008ca00000| Untracked 
| 203|0x000000008cb00000, 0x000000008cb00000, 0x000000008cc00000|  0%| F|  |TAMS 0x000000008cb00000, 0x000000008cb00000| Untracked 
| 204|0x000000008cc00000, 0x000000008cc00000, 0x000000008cd00000|  0%| F|  |TAMS 0x000000008cc00000, 0x000000008cc00000| Untracked 
| 205|0x000000008cd00000, 0x000000008cd00000, 0x000000008ce00000|  0%| F|  |TAMS 0x000000008cd00000, 0x000000008cd00000| Untracked 
| 206|0x000000008ce00000, 0x000000008ce00000, 0x000000008cf00000|  0%| F|  |TAMS 0x000000008ce00000, 0x000000008ce00000| Untracked 
| 207|0x000000008cf00000, 0x000000008cf00000, 0x000000008d000000|  0%| F|  |TAMS 0x000000008cf00000, 0x000000008cf00000| Untracked 
| 208|0x000000008d000000, 0x000000008d000000, 0x000000008d100000|  0%| F|  |TAMS 0x000000008d000000, 0x000000008d000000| Untracked 
| 209|0x000000008d100000, 0x000000008d100000, 0x000000008d200000|  0%| F|  |TAMS 0x000000008d100000, 0x000000008d100000| Untracked 
| 210|0x000000008d200000, 0x000000008d200000, 0x000000008d300000|  0%| F|  |TAMS 0x000000008d200000, 0x000000008d200000| Untracked 
| 211|0x000000008d300000, 0x000000008d300000, 0x000000008d400000|  0%| F|  |TAMS 0x000000008d300000, 0x000000008d300000| Untracked 
| 212|0x000000008d400000, 0x000000008d400000, 0x000000008d500000|  0%| F|  |TAMS 0x000000008d400000, 0x000000008d400000| Untracked 
| 213|0x000000008d500000, 0x000000008d500000, 0x000000008d600000|  0%| F|  |TAMS 0x000000008d500000, 0x000000008d500000| Untracked 
| 214|0x000000008d600000, 0x000000008d600000, 0x000000008d700000|  0%| F|  |TAMS 0x000000008d600000, 0x000000008d600000| Untracked 
| 215|0x000000008d700000, 0x000000008d700000, 0x000000008d800000|  0%| F|  |TAMS 0x000000008d700000, 0x000000008d700000| Untracked 
| 216|0x000000008d800000, 0x000000008d800000, 0x000000008d900000|  0%| F|  |TAMS 0x000000008d800000, 0x000000008d800000| Untracked 
| 217|0x000000008d900000, 0x000000008d900000, 0x000000008da00000|  0%| F|  |TAMS 0x000000008d900000, 0x000000008d900000| Untracked 
| 218|0x000000008da00000, 0x000000008da00000, 0x000000008db00000|  0%| F|  |TAMS 0x000000008da00000, 0x000000008da00000| Untracked 
| 219|0x000000008db00000, 0x000000008db00000, 0x000000008dc00000|  0%| F|  |TAMS 0x000000008db00000, 0x000000008db00000| Untracked 
| 220|0x000000008dc00000, 0x000000008dc00000, 0x000000008dd00000|  0%| F|  |TAMS 0x000000008dc00000, 0x000000008dc00000| Untracked 
| 221|0x000000008dd00000, 0x000000008dd00000, 0x000000008de00000|  0%| F|  |TAMS 0x000000008dd00000, 0x000000008dd00000| Untracked 
| 222|0x000000008de00000, 0x000000008de00000, 0x000000008df00000|  0%| F|  |TAMS 0x000000008de00000, 0x000000008de00000| Untracked 
| 223|0x000000008df00000, 0x000000008df00000, 0x000000008e000000|  0%| F|  |TAMS 0x000000008df00000, 0x000000008df00000| Untracked 
| 224|0x000000008e000000, 0x000000008e000000, 0x000000008e100000|  0%| F|  |TAMS 0x000000008e000000, 0x000000008e000000| Untracked 
| 225|0x000000008e100000, 0x000000008e100000, 0x000000008e200000|  0%| F|  |TAMS 0x000000008e100000, 0x000000008e100000| Untracked 
| 226|0x000000008e200000, 0x000000008e200000, 0x000000008e300000|  0%| F|  |TAMS 0x000000008e200000, 0x000000008e200000| Untracked 
| 227|0x000000008e300000, 0x000000008e300000, 0x000000008e400000|  0%| F|  |TAMS 0x000000008e300000, 0x000000008e300000| Untracked 
| 228|0x000000008e400000, 0x000000008e400000, 0x000000008e500000|  0%| F|  |TAMS 0x000000008e400000, 0x000000008e400000| Untracked 
| 229|0x000000008e500000, 0x000000008e500000, 0x000000008e600000|  0%| F|  |TAMS 0x000000008e500000, 0x000000008e500000| Untracked 
| 230|0x000000008e600000, 0x000000008e600000, 0x000000008e700000|  0%| F|  |TAMS 0x000000008e600000, 0x000000008e600000| Untracked 
| 231|0x000000008e700000, 0x000000008e700000, 0x000000008e800000|  0%| F|  |TAMS 0x000000008e700000, 0x000000008e700000| Untracked 
| 232|0x000000008e800000, 0x000000008e800000, 0x000000008e900000|  0%| F|  |TAMS 0x000000008e800000, 0x000000008e800000| Untracked 
| 233|0x000000008e900000, 0x000000008e900000, 0x000000008ea00000|  0%| F|  |TAMS 0x000000008e900000, 0x000000008e900000| Untracked 
| 234|0x000000008ea00000, 0x000000008ea00000, 0x000000008eb00000|  0%| F|  |TAMS 0x000000008ea00000, 0x000000008ea00000| Untracked 
| 235|0x000000008eb00000, 0x000000008eb00000, 0x000000008ec00000|  0%| F|  |TAMS 0x000000008eb00000, 0x000000008eb00000| Untracked 
| 236|0x000000008ec00000, 0x000000008ec00000, 0x000000008ed00000|  0%| F|  |TAMS 0x000000008ec00000, 0x000000008ec00000| Untracked 
| 237|0x000000008ed00000, 0x000000008ed00000, 0x000000008ee00000|  0%| F|  |TAMS 0x000000008ed00000, 0x000000008ed00000| Untracked 
| 238|0x000000008ee00000, 0x000000008ee00000, 0x000000008ef00000|  0%| F|  |TAMS 0x000000008ee00000, 0x000000008ee00000| Untracked 
| 239|0x000000008ef00000, 0x000000008ef00000, 0x000000008f000000|  0%| F|  |TAMS 0x000000008ef00000, 0x000000008ef00000| Untracked 
| 240|0x000000008f000000, 0x000000008f000000, 0x000000008f100000|  0%| F|  |TAMS 0x000000008f000000, 0x000000008f000000| Untracked 
| 241|0x000000008f100000, 0x000000008f100000, 0x000000008f200000|  0%| F|  |TAMS 0x000000008f100000, 0x000000008f100000| Untracked 
| 242|0x000000008f200000, 0x000000008f200000, 0x000000008f300000|  0%| F|  |TAMS 0x000000008f200000, 0x000000008f200000| Untracked 
| 243|0x000000008f300000, 0x000000008f300000, 0x000000008f400000|  0%| F|  |TAMS 0x000000008f300000, 0x000000008f300000| Untracked 
| 244|0x000000008f400000, 0x000000008f400000, 0x000000008f500000|  0%| F|  |TAMS 0x000000008f400000, 0x000000008f400000| Untracked 
| 245|0x000000008f500000, 0x000000008f500000, 0x000000008f600000|  0%| F|  |TAMS 0x000000008f500000, 0x000000008f500000| Untracked 
| 246|0x000000008f600000, 0x000000008f600000, 0x000000008f700000|  0%| F|  |TAMS 0x000000008f600000, 0x000000008f600000| Untracked 
| 247|0x000000008f700000, 0x000000008f700000, 0x000000008f800000|  0%| F|  |TAMS 0x000000008f700000, 0x000000008f700000| Untracked 
| 248|0x000000008f800000, 0x000000008f800000, 0x000000008f900000|  0%| F|  |TAMS 0x000000008f800000, 0x000000008f800000| Untracked 
| 249|0x000000008f900000, 0x000000008f900000, 0x000000008fa00000|  0%| F|  |TAMS 0x000000008f900000, 0x000000008f900000| Untracked 
| 250|0x000000008fa00000, 0x000000008fa00000, 0x000000008fb00000|  0%| F|  |TAMS 0x000000008fa00000, 0x000000008fa00000| Untracked 
| 251|0x000000008fb00000, 0x000000008fb00000, 0x000000008fc00000|  0%| F|  |TAMS 0x000000008fb00000, 0x000000008fb00000| Untracked 
| 252|0x000000008fc00000, 0x000000008fc00000, 0x000000008fd00000|  0%| F|  |TAMS 0x000000008fc00000, 0x000000008fc00000| Untracked 
| 253|0x000000008fd00000, 0x000000008fd00000, 0x000000008fe00000|  0%| F|  |TAMS 0x000000008fd00000, 0x000000008fd00000| Untracked 
| 254|0x000000008fe00000, 0x000000008fe00000, 0x000000008ff00000|  0%| F|  |TAMS 0x000000008fe00000, 0x000000008fe00000| Untracked 
| 255|0x000000008ff00000, 0x000000008ff00000, 0x0000000090000000|  0%| F|  |TAMS 0x000000008ff00000, 0x000000008ff00000| Untracked 
| 256|0x0000000090000000, 0x0000000090000000, 0x0000000090100000|  0%| F|  |TAMS 0x0000000090000000, 0x0000000090000000| Untracked 
| 257|0x0000000090100000, 0x0000000090100000, 0x0000000090200000|  0%| F|  |TAMS 0x0000000090100000, 0x0000000090100000| Untracked 
| 258|0x0000000090200000, 0x0000000090200000, 0x0000000090300000|  0%| F|  |TAMS 0x0000000090200000, 0x0000000090200000| Untracked 
| 259|0x0000000090300000, 0x0000000090300000, 0x0000000090400000|  0%| F|  |TAMS 0x0000000090300000, 0x0000000090300000| Untracked 
| 260|0x0000000090400000, 0x0000000090400000, 0x0000000090500000|  0%| F|  |TAMS 0x0000000090400000, 0x0000000090400000| Untracked 
| 261|0x0000000090500000, 0x0000000090500000, 0x0000000090600000|  0%| F|  |TAMS 0x0000000090500000, 0x0000000090500000| Untracked 
| 262|0x0000000090600000, 0x0000000090600000, 0x0000000090700000|  0%| F|  |TAMS 0x0000000090600000, 0x0000000090600000| Untracked 
| 263|0x0000000090700000, 0x0000000090700000, 0x0000000090800000|  0%| F|  |TAMS 0x0000000090700000, 0x0000000090700000| Untracked 
| 264|0x0000000090800000, 0x0000000090800000, 0x0000000090900000|  0%| F|  |TAMS 0x0000000090800000, 0x0000000090800000| Untracked 
| 265|0x0000000090900000, 0x0000000090900000, 0x0000000090a00000|  0%| F|  |TAMS 0x0000000090900000, 0x0000000090900000| Untracked 
| 266|0x0000000090a00000, 0x0000000090a00000, 0x0000000090b00000|  0%| F|  |TAMS 0x0000000090a00000, 0x0000000090a00000| Untracked 
| 267|0x0000000090b00000, 0x0000000090b00000, 0x0000000090c00000|  0%| F|  |TAMS 0x0000000090b00000, 0x0000000090b00000| Untracked 
| 268|0x0000000090c00000, 0x0000000090c00000, 0x0000000090d00000|  0%| F|  |TAMS 0x0000000090c00000, 0x0000000090c00000| Untracked 
| 269|0x0000000090d00000, 0x0000000090d00000, 0x0000000090e00000|  0%| F|  |TAMS 0x0000000090d00000, 0x0000000090d00000| Untracked 
| 270|0x0000000090e00000, 0x0000000090e00000, 0x0000000090f00000|  0%| F|  |TAMS 0x0000000090e00000, 0x0000000090e00000| Untracked 
| 271|0x0000000090f00000, 0x0000000090f00000, 0x0000000091000000|  0%| F|  |TAMS 0x0000000090f00000, 0x0000000090f00000| Untracked 
| 272|0x0000000091000000, 0x0000000091000000, 0x0000000091100000|  0%| F|  |TAMS 0x0000000091000000, 0x0000000091000000| Untracked 
| 273|0x0000000091100000, 0x0000000091100000, 0x0000000091200000|  0%| F|  |TAMS 0x0000000091100000, 0x0000000091100000| Untracked 
| 274|0x0000000091200000, 0x0000000091200000, 0x0000000091300000|  0%| F|  |TAMS 0x0000000091200000, 0x0000000091200000| Untracked 
| 275|0x0000000091300000, 0x0000000091385f48, 0x0000000091400000| 52%| E|  |TAMS 0x0000000091300000, 0x0000000091300000| Complete 
| 276|0x0000000091400000, 0x0000000091500000, 0x0000000091500000|100%| E|CS|TAMS 0x0000000091400000, 0x0000000091400000| Complete 
| 277|0x0000000091500000, 0x0000000091600000, 0x0000000091600000|100%| E|CS|TAMS 0x0000000091500000, 0x0000000091500000| Complete 
| 278|0x0000000091600000, 0x0000000091700000, 0x0000000091700000|100%| E|CS|TAMS 0x0000000091600000, 0x0000000091600000| Complete 
| 279|0x0000000091700000, 0x0000000091800000, 0x0000000091800000|100%| E|CS|TAMS 0x0000000091700000, 0x0000000091700000| Complete 
| 280|0x0000000091800000, 0x0000000091900000, 0x0000000091900000|100%| E|CS|TAMS 0x0000000091800000, 0x0000000091800000| Complete 
| 281|0x0000000091900000, 0x0000000091a00000, 0x0000000091a00000|100%| E|CS|TAMS 0x0000000091900000, 0x0000000091900000| Complete 
| 282|0x0000000091a00000, 0x0000000091b00000, 0x0000000091b00000|100%| E|CS|TAMS 0x0000000091a00000, 0x0000000091a00000| Complete 
| 283|0x0000000091b00000, 0x0000000091c00000, 0x0000000091c00000|100%| E|CS|TAMS 0x0000000091b00000, 0x0000000091b00000| Complete 
| 284|0x0000000091c00000, 0x0000000091d00000, 0x0000000091d00000|100%| E|CS|TAMS 0x0000000091c00000, 0x0000000091c00000| Complete 
| 285|0x0000000091d00000, 0x0000000091e00000, 0x0000000091e00000|100%| E|CS|TAMS 0x0000000091d00000, 0x0000000091d00000| Complete 
| 286|0x0000000091e00000, 0x0000000091f00000, 0x0000000091f00000|100%| E|CS|TAMS 0x0000000091e00000, 0x0000000091e00000| Complete 
| 287|0x0000000091f00000, 0x0000000092000000, 0x0000000092000000|100%| E|CS|TAMS 0x0000000091f00000, 0x0000000091f00000| Complete 
| 288|0x0000000092000000, 0x0000000092100000, 0x0000000092100000|100%| E|CS|TAMS 0x0000000092000000, 0x0000000092000000| Complete 
| 289|0x0000000092100000, 0x0000000092200000, 0x0000000092200000|100%| E|CS|TAMS 0x0000000092100000, 0x0000000092100000| Complete 
| 290|0x0000000092200000, 0x0000000092300000, 0x0000000092300000|100%| E|CS|TAMS 0x0000000092200000, 0x0000000092200000| Complete 
| 291|0x0000000092300000, 0x0000000092400000, 0x0000000092400000|100%| E|CS|TAMS 0x0000000092300000, 0x0000000092300000| Complete 
| 292|0x0000000092400000, 0x0000000092500000, 0x0000000092500000|100%| E|CS|TAMS 0x0000000092400000, 0x0000000092400000| Complete 
| 293|0x0000000092500000, 0x0000000092600000, 0x0000000092600000|100%| E|CS|TAMS 0x0000000092500000, 0x0000000092500000| Complete 
| 294|0x0000000092600000, 0x0000000092700000, 0x0000000092700000|100%| E|CS|TAMS 0x0000000092600000, 0x0000000092600000| Complete 
| 295|0x0000000092700000, 0x0000000092800000, 0x0000000092800000|100%| E|CS|TAMS 0x0000000092700000, 0x0000000092700000| Complete 

Card table byte_map: [0x000001dab41a0000,0x000001dab45a0000] _byte_map_base: 0x000001dab3da0000

Marking Bits (Prev, Next): (CMBitMap*) 0x000001da9d2fee60, (CMBitMap*) 0x000001da9d2feea0
 Prev Bits: [0x000001dab49a0000, 0x000001dab69a0000)
 Next Bits: [0x000001dab69a0000, 0x000001dab89a0000)

Polling page: 0x000001da9ca60000

Metaspace:

Usage:
  Non-class:     91.22 MB used.
      Class:     14.53 MB used.
       Both:    105.74 MB used.

Virtual space:
  Non-class space:      128.00 MB reserved,      91.69 MB ( 72%) committed,  2 nodes.
      Class space:      416.00 MB reserved,      14.94 MB (  4%) committed,  1 nodes.
             Both:      544.00 MB reserved,     106.62 MB ( 20%) committed. 

Chunk freelists:
   Non-Class:  4.11 MB
       Class:  1.02 MB
        Both:  5.12 MB

MaxMetaspaceSize: 512.00 MB
CompressedClassSpaceSize: 416.00 MB
Initial GC threshold: 21.00 MB
Current GC threshold: 121.56 MB
CDS: on
MetaspaceReclaimPolicy: balanced
 - commit_granule_bytes: 65536.
 - commit_granule_words: 8192.
 - virtual_space_node_default_size: 8388608.
 - enlarge_chunks_in_place: 1.
 - new_chunks_are_fully_committed: 0.
 - uncommit_free_chunks: 1.
 - use_allocation_guard: 0.
 - handle_deallocations: 1.


Internal statistics:

num_allocs_failed_limit: 6.
num_arena_births: 1340.
num_arena_deaths: 0.
num_vsnodes_births: 3.
num_vsnodes_deaths: 0.
num_space_committed: 1705.
num_space_uncommitted: 0.
num_chunks_returned_to_freelist: 6.
num_chunks_taken_from_freelist: 5891.
num_chunk_merges: 6.
num_chunk_splits: 3835.
num_chunks_enlarged: 2497.
num_inconsistent_stats: 0.

CodeHeap 'non-profiled nmethods': size=120000Kb used=9409Kb max_used=9409Kb free=110590Kb
 bounds [0x000001daac870000, 0x000001daad1b0000, 0x000001dab3da0000]
CodeHeap 'profiled nmethods': size=120000Kb used=26589Kb max_used=26589Kb free=93410Kb
 bounds [0x000001daa4da0000, 0x000001daa67a0000, 0x000001daac2d0000]
CodeHeap 'non-nmethods': size=5760Kb used=2441Kb max_used=2536Kb free=3318Kb
 bounds [0x000001daac2d0000, 0x000001daac570000, 0x000001daac870000]
 total_blobs=14602 nmethods=13621 adapters=891
 compilation: enabled
              stopped_count=0, restarted_count=0
 full_count=0

Compilation events (20 events):
Event: 6357.311 Thread 0x000001dabae9eeb0 15834       3       org.gradle.api.internal.provider.ProviderResolutionStrategy$2::resolve (7 bytes)
Event: 6357.312 Thread 0x000001dabae9eeb0 nmethod 15834 0x000001daa6754f10 code [0x000001daa67550c0, 0x000001daa6755288]
Event: 6357.312 Thread 0x000001dabae9eeb0 15835       3       org.gradle.api.internal.file.collections.DefaultConfigurableFileCollection::visitDependencies (16 bytes)
Event: 6357.313 Thread 0x000001dabae9eeb0 nmethod 15835 0x000001daa6755390 code [0x000001daa67555c0, 0x000001daa6755e78]
Event: 6357.313 Thread 0x000001dabae9eeb0 15836       1       org.gradle.api.internal.project.DefaultProject::isScript (2 bytes)
Event: 6357.313 Thread 0x000001dabae9eeb0 nmethod 15836 0x000001daad199f90 code [0x000001daad19a120, 0x000001daad19a1f8]
Event: 6357.313 Thread 0x000001daddd9ecf0 nmethod 15812 0x000001daad19a290 code [0x000001daad19a460, 0x000001daad19a968]
Event: 6357.313 Thread 0x000001daddd9ecf0 15831       4       org.gradle.api.internal.artifacts.transform.ConsumerProvidedVariantFinder$CachingAttributeMatcher$CacheKey::equals (63 bytes)
Event: 6357.314 Thread 0x000001dabae9eeb0 15837       3       org.gradle.api.internal.artifacts.DefaultDependencyManagementServices$DependencyResolutionScopeServices$$Lambda$728/0x000001dabc58d838::apply (12 bytes)
Event: 6357.314 Thread 0x000001dabae9eeb0 nmethod 15837 0x000001daa6756190 code [0x000001daa6756360, 0x000001daa6756798]
Event: 6357.314 Thread 0x000001dabae9eeb0 15838       3       org.gradle.api.internal.artifacts.repositories.AbstractResolutionAwareArtifactRepository::getDescriptor (20 bytes)
Event: 6357.315 Thread 0x000001dabae9eeb0 nmethod 15838 0x000001daa6756910 code [0x000001daa6756ac0, 0x000001daa6756e08]
Event: 6357.315 Thread 0x000001daddd9ecf0 nmethod 15831 0x000001daad19ae90 code [0x000001daad19b040, 0x000001daad19b238]
Event: 6357.315 Thread 0x000001daddd9ecf0 15832       4       com.google.common.collect.SingletonImmutableSet::asList (8 bytes)
Event: 6357.316 Thread 0x000001dabae9eeb0 15839       3       org.gradle.api.internal.provider.FlatMapProvider::doMapValue (46 bytes)
Event: 6357.317 Thread 0x000001dabae9eeb0 nmethod 15839 0x000001daa6756f10 code [0x000001daa6757180, 0x000001daa6757ce8]
Event: 6357.317 Thread 0x000001dabae9eeb0 15840       3       java.util.IdentityHashMap::<init> (11 bytes)
Event: 6357.317 Thread 0x000001daddd9ecf0 nmethod 15832 0x000001daad19b490 code [0x000001daad19b620, 0x000001daad19b798]
Event: 6357.317 Thread 0x000001daddd9ecf0 15804       4       com.google.common.cache.LocalCache::recordsWrite (20 bytes)
Event: 6357.317 Thread 0x000001dabae9eeb0 nmethod 15840 0x000001daa6758010 code [0x000001daa67581c0, 0x000001daa67584f8]

GC Heap History (20 events):
Event: 32.431 GC heap before
{Heap before GC invocations=33 (full 0):
 garbage-first heap   total 151552K, used 86012K [0x0000000080000000, 0x0000000100000000)
  region size 1024K, 8 young (8192K), 7 survivors (7168K)
 Metaspace       used 77501K, committed 78208K, reserved 557056K
  class space    used 10817K, committed 11136K, reserved 425984K
}
Event: 32.437 GC heap after
{Heap after GC invocations=34 (full 0):
 garbage-first heap   total 151552K, used 86682K [0x0000000080000000, 0x0000000100000000)
  region size 1024K, 1 young (1024K), 1 survivors (1024K)
 Metaspace       used 77501K, committed 78208K, reserved 557056K
  class space    used 10817K, committed 11136K, reserved 425984K
}
Event: 32.698 GC heap before
{Heap before GC invocations=34 (full 0):
 garbage-first heap   total 151552K, used 104090K [0x0000000080000000, 0x0000000100000000)
  region size 1024K, 19 young (19456K), 1 survivors (1024K)
 Metaspace       used 78800K, committed 79552K, reserved 557056K
  class space    used 10981K, committed 11328K, reserved 425984K
}
Event: 32.704 GC heap after
{Heap after GC invocations=35 (full 0):
 garbage-first heap   total 303104K, used 87778K [0x0000000080000000, 0x0000000100000000)
  region size 1024K, 2 young (2048K), 2 survivors (2048K)
 Metaspace       used 78800K, committed 79552K, reserved 557056K
  class space    used 10981K, committed 11328K, reserved 425984K
}
Event: 34.238 GC heap before
{Heap before GC invocations=35 (full 0):
 garbage-first heap   total 303104K, used 207586K [0x0000000080000000, 0x0000000100000000)
  region size 1024K, 113 young (115712K), 2 survivors (2048K)
 Metaspace       used 86852K, committed 87616K, reserved 557056K
  class space    used 12058K, committed 12416K, reserved 425984K
}
Event: 34.251 GC heap after
{Heap after GC invocations=36 (full 0):
 garbage-first heap   total 303104K, used 94266K [0x0000000080000000, 0x0000000100000000)
  region size 1024K, 9 young (9216K), 9 survivors (9216K)
 Metaspace       used 86852K, committed 87616K, reserved 557056K
  class space    used 12058K, committed 12416K, reserved 425984K
}
Event: 37.777 GC heap before
{Heap before GC invocations=36 (full 0):
 garbage-first heap   total 303104K, used 209978K [0x0000000080000000, 0x0000000100000000)
  region size 1024K, 122 young (124928K), 9 survivors (9216K)
 Metaspace       used 92303K, committed 93056K, reserved 557056K
  class space    used 13003K, committed 13376K, reserved 425984K
}
Event: 37.795 GC heap after
{Heap after GC invocations=37 (full 0):
 garbage-first heap   total 303104K, used 101230K [0x0000000080000000, 0x0000000100000000)
  region size 1024K, 14 young (14336K), 14 survivors (14336K)
 Metaspace       used 92303K, committed 93056K, reserved 557056K
  class space    used 13003K, committed 13376K, reserved 425984K
}
Event: 39.556 GC heap before
{Heap before GC invocations=37 (full 0):
 garbage-first heap   total 303104K, used 218990K [0x0000000080000000, 0x0000000100000000)
  region size 1024K, 129 young (132096K), 14 survivors (14336K)
 Metaspace       used 101496K, committed 102336K, reserved 557056K
  class space    used 14251K, committed 14656K, reserved 425984K
}
Event: 39.582 GC heap after
{Heap after GC invocations=38 (full 0):
 garbage-first heap   total 303104K, used 108019K [0x0000000080000000, 0x0000000100000000)
  region size 1024K, 14 young (14336K), 14 survivors (14336K)
 Metaspace       used 101496K, committed 102336K, reserved 557056K
  class space    used 14251K, committed 14656K, reserved 425984K
}
Event: 41.531 GC heap before
{Heap before GC invocations=38 (full 0):
 garbage-first heap   total 303104K, used 227827K [0x0000000080000000, 0x0000000100000000)
  region size 1024K, 131 young (134144K), 14 survivors (14336K)
 Metaspace       used 103522K, committed 104384K, reserved 557056K
  class space    used 14460K, committed 14848K, reserved 425984K
}
Event: 41.558 GC heap after
{Heap after GC invocations=39 (full 0):
 garbage-first heap   total 303104K, used 116703K [0x0000000080000000, 0x0000000100000000)
  region size 1024K, 15 young (15360K), 15 survivors (15360K)
 Metaspace       used 103522K, committed 104384K, reserved 557056K
  class space    used 14460K, committed 14848K, reserved 425984K
}
Event: 43.375 GC heap before
{Heap before GC invocations=39 (full 0):
 garbage-first heap   total 303104K, used 231391K [0x0000000080000000, 0x0000000100000000)
  region size 1024K, 128 young (131072K), 15 survivors (15360K)
 Metaspace       used 103688K, committed 104576K, reserved 557056K
  class space    used 14473K, committed 14912K, reserved 425984K
}
Event: 43.404 GC heap after
{Heap after GC invocations=40 (full 0):
 garbage-first heap   total 303104K, used 124205K [0x0000000080000000, 0x0000000100000000)
  region size 1024K, 8 young (8192K), 8 survivors (8192K)
 Metaspace       used 103688K, committed 104576K, reserved 557056K
  class space    used 14473K, committed 14912K, reserved 425984K
}
Event: 45.230 GC heap before
{Heap before GC invocations=40 (full 0):
 garbage-first heap   total 303104K, used 235821K [0x0000000080000000, 0x0000000100000000)
  region size 1024K, 118 young (120832K), 8 survivors (8192K)
 Metaspace       used 104211K, committed 105024K, reserved 557056K
  class space    used 14520K, committed 14912K, reserved 425984K
}
Event: 45.249 GC heap after
{Heap after GC invocations=41 (full 0):
 garbage-first heap   total 303104K, used 127718K [0x0000000080000000, 0x0000000100000000)
  region size 1024K, 12 young (12288K), 12 survivors (12288K)
 Metaspace       used 104211K, committed 105024K, reserved 557056K
  class space    used 14520K, committed 14912K, reserved 425984K
}
Event: 3765.555 GC heap before
{Heap before GC invocations=41 (full 0):
 garbage-first heap   total 303104K, used 245478K [0x0000000080000000, 0x0000000100000000)
  region size 1024K, 123 young (125952K), 12 survivors (12288K)
 Metaspace       used 107335K, committed 108224K, reserved 557056K
  class space    used 14835K, committed 15232K, reserved 425984K
}
Event: 3765.625 GC heap after
{Heap after GC invocations=42 (full 0):
 garbage-first heap   total 303104K, used 131010K [0x0000000080000000, 0x0000000100000000)
  region size 1024K, 9 young (9216K), 9 survivors (9216K)
 Metaspace       used 107335K, committed 108224K, reserved 557056K
  class space    used 14835K, committed 15232K, reserved 425984K
}
Event: 6357.171 GC heap before
{Heap before GC invocations=42 (full 0):
 garbage-first heap   total 303104K, used 245698K [0x0000000080000000, 0x0000000100000000)
  region size 1024K, 121 young (123904K), 9 survivors (9216K)
 Metaspace       used 108133K, committed 108992K, reserved 557056K
  class space    used 14871K, committed 15296K, reserved 425984K
}
Event: 6357.207 GC heap after
{Heap after GC invocations=43 (full 0):
 garbage-first heap   total 303104K, used 139531K [0x0000000080000000, 0x0000000100000000)
  region size 1024K, 16 young (16384K), 16 survivors (16384K)
 Metaspace       used 108133K, committed 108992K, reserved 557056K
  class space    used 14871K, committed 15296K, reserved 425984K
}

Dll operation events (14 events):
Event: 0.017 Loaded shared library C:\Program Files\Microsoft\jdk-17.0.8.7-hotspot\bin\java.dll
Event: 0.045 Loaded shared library C:\Program Files\Microsoft\jdk-17.0.8.7-hotspot\bin\jsvml.dll
Event: 0.155 Loaded shared library C:\Program Files\Microsoft\jdk-17.0.8.7-hotspot\bin\zip.dll
Event: 0.166 Loaded shared library C:\Program Files\Microsoft\jdk-17.0.8.7-hotspot\bin\instrument.dll
Event: 0.171 Loaded shared library C:\Program Files\Microsoft\jdk-17.0.8.7-hotspot\bin\net.dll
Event: 0.173 Loaded shared library C:\Program Files\Microsoft\jdk-17.0.8.7-hotspot\bin\nio.dll
Event: 0.179 Loaded shared library C:\Program Files\Microsoft\jdk-17.0.8.7-hotspot\bin\zip.dll
Event: 0.655 Loaded shared library C:\Program Files\Microsoft\jdk-17.0.8.7-hotspot\bin\jimage.dll
Event: 0.900 Loaded shared library C:\Program Files\Microsoft\jdk-17.0.8.7-hotspot\bin\verify.dll
Event: 1.437 Loaded shared library C:\Users\LENOVO\.gradle\native\c067742578af261105cb4f569cf0c3c89f3d7b1fecec35dd04571415982c5e48\windows-amd64\native-platform.dll
Event: 1.479 Loaded shared library C:\Users\LENOVO\.gradle\native\38dada09dfb8b06ba9b0570ebf7e218e3eb74d4ef43ca46872605cf95ebc2f47\windows-amd64\native-platform-file-events.dll
Event: 4.476 Loaded shared library C:\Program Files\Microsoft\jdk-17.0.8.7-hotspot\bin\management.dll
Event: 4.481 Loaded shared library C:\Program Files\Microsoft\jdk-17.0.8.7-hotspot\bin\management_ext.dll
Event: 5.725 Loaded shared library C:\Program Files\Microsoft\jdk-17.0.8.7-hotspot\bin\sunmscapi.dll

Deoptimization events (20 events):
Event: 6354.844 Thread 0x000001dae0067600 DEOPT PACKING pc=0x000001daa5f78de5 sp=0x00000078805f6ce0
Event: 6354.844 Thread 0x000001dae0067600 DEOPT UNPACKING pc=0x000001daac327143 sp=0x00000078805f6200 mode 0
Event: 6356.803 Thread 0x000001dae0067600 DEOPT PACKING pc=0x000001daa5f78dc4 sp=0x00000078805f9070
Event: 6356.803 Thread 0x000001dae0067600 DEOPT UNPACKING pc=0x000001daac327143 sp=0x00000078805f8590 mode 0
Event: 6356.929 Thread 0x000001dae0067600 DEOPT PACKING pc=0x000001daa543a8e6 sp=0x00000078805f97e0
Event: 6356.929 Thread 0x000001dae0067600 DEOPT UNPACKING pc=0x000001daac327143 sp=0x00000078805f8ca8 mode 0
Event: 6357.141 Thread 0x000001dae0067600 DEOPT PACKING pc=0x000001daa60c05a0 sp=0x00000078805f83b0
Event: 6357.141 Thread 0x000001dae0067600 DEOPT UNPACKING pc=0x000001daac327143 sp=0x00000078805f7848 mode 0
Event: 6357.233 Thread 0x000001dae0067600 DEOPT PACKING pc=0x000001daa60c05a0 sp=0x00000078805f8130
Event: 6357.233 Thread 0x000001dae0067600 DEOPT UNPACKING pc=0x000001daac327143 sp=0x00000078805f75c8 mode 0
Event: 6357.256 Thread 0x000001dae0067600 DEOPT PACKING pc=0x000001daa60c05a0 sp=0x00000078805f9170
Event: 6357.257 Thread 0x000001dae0067600 DEOPT UNPACKING pc=0x000001daac327143 sp=0x00000078805f8608 mode 0
Event: 6357.262 Thread 0x000001dae0067600 DEOPT PACKING pc=0x000001daa60c05a0 sp=0x00000078805f9170
Event: 6357.262 Thread 0x000001dae0067600 DEOPT UNPACKING pc=0x000001daac327143 sp=0x00000078805f8608 mode 0
Event: 6357.272 Thread 0x000001dae0067600 DEOPT PACKING pc=0x000001daa60c05a0 sp=0x00000078805f8ee0
Event: 6357.272 Thread 0x000001dae0067600 DEOPT UNPACKING pc=0x000001daac327143 sp=0x00000078805f8378 mode 0
Event: 6357.280 Thread 0x000001dae0067600 Uncommon trap: trap_request=0xffffff45 fr.pc=0x000001daace90378 relative=0x0000000000000158
Event: 6357.280 Thread 0x000001dae0067600 Uncommon trap: reason=unstable_if action=reinterpret pc=0x000001daace90378 method=java.lang.ClassValue.match(Ljava/lang/ClassValue$Entry;)Z @ 12 c2
Event: 6357.280 Thread 0x000001dae0067600 DEOPT PACKING pc=0x000001daace90378 sp=0x00000078805f89b0
Event: 6357.280 Thread 0x000001dae0067600 DEOPT UNPACKING pc=0x000001daac3269a3 sp=0x00000078805f8900 mode 2

Classes unloaded (0 events):
No events

Classes redefined (0 events):
No events

Internal exceptions (20 events):
Event: 6353.864 Thread 0x000001dae0067600 Exception <a 'sun/nio/fs/WindowsException'{0x000000008f608010}> (0x000000008f608010) 
thrown [s\src\hotspot\share\prims\jni.cpp, line 516]
Event: 6353.865 Thread 0x000001dae0067600 Exception <a 'sun/nio/fs/WindowsException'{0x000000008f609840}> (0x000000008f609840) 
thrown [s\src\hotspot\share\prims\jni.cpp, line 516]
Event: 6353.866 Thread 0x000001dae0067600 Exception <a 'sun/nio/fs/WindowsException'{0x000000008f60b070}> (0x000000008f60b070) 
thrown [s\src\hotspot\share\prims\jni.cpp, line 516]
Event: 6353.866 Thread 0x000001dae0067600 Exception <a 'sun/nio/fs/WindowsException'{0x000000008f60c890}> (0x000000008f60c890) 
thrown [s\src\hotspot\share\prims\jni.cpp, line 516]
Event: 6353.985 Thread 0x000001dae0067600 Exception <a 'sun/nio/fs/WindowsException'{0x000000008eb68678}> (0x000000008eb68678) 
thrown [s\src\hotspot\share\prims\jni.cpp, line 516]
Event: 6353.985 Thread 0x000001dae0067600 Exception <a 'sun/nio/fs/WindowsException'{0x000000008eb68918}> (0x000000008eb68918) 
thrown [s\src\hotspot\share\prims\jni.cpp, line 516]
Event: 6353.986 Thread 0x000001dae0067600 Exception <a 'sun/nio/fs/WindowsException'{0x000000008eb6b620}> (0x000000008eb6b620) 
thrown [s\src\hotspot\share\prims\jni.cpp, line 516]
Event: 6353.986 Thread 0x000001dae0067600 Exception <a 'sun/nio/fs/WindowsException'{0x000000008eb6b9c0}> (0x000000008eb6b9c0) 
thrown [s\src\hotspot\share\prims\jni.cpp, line 516]
Event: 6353.986 Thread 0x000001dae0067600 Exception <a 'sun/nio/fs/WindowsException'{0x000000008eb70ce8}> (0x000000008eb70ce8) 
thrown [s\src\hotspot\share\prims\jni.cpp, line 516]
Event: 6353.987 Thread 0x000001dae0067600 Exception <a 'sun/nio/fs/WindowsException'{0x000000008eb71088}> (0x000000008eb71088) 
thrown [s\src\hotspot\share\prims\jni.cpp, line 516]
Event: 6354.570 Thread 0x000001dadd7de360 Exception <a 'sun/nio/fs/WindowsException'{0x000000008d7f26d0}> (0x000000008d7f26d0) 
thrown [s\src\hotspot\share\prims\jni.cpp, line 516]
Event: 6354.571 Thread 0x000001dadd7de360 Exception <a 'sun/nio/fs/WindowsException'{0x000000008d7f4650}> (0x000000008d7f4650) 
thrown [s\src\hotspot\share\prims\jni.cpp, line 516]
Event: 6354.571 Thread 0x000001dadd7de360 Exception <a 'sun/nio/fs/WindowsException'{0x000000008d4299d0}> (0x000000008d4299d0) 
thrown [s\src\hotspot\share\prims\jni.cpp, line 516]
Event: 6354.571 Thread 0x000001dadd7de360 Exception <a 'sun/nio/fs/WindowsException'{0x000000008d42b598}> (0x000000008d42b598) 
thrown [s\src\hotspot\share\prims\jni.cpp, line 516]
Event: 6354.747 Thread 0x000001dae0067600 Exception <a 'sun/nio/fs/WindowsException'{0x000000008cda46d0}> (0x000000008cda46d0) 
thrown [s\src\hotspot\share\prims\jni.cpp, line 516]
Event: 6357.031 Thread 0x000001dae0067600 Exception <a 'sun/nio/fs/WindowsException'{0x000000008be55fa8}> (0x000000008be55fa8) 
thrown [s\src\hotspot\share\prims\jni.cpp, line 516]
Event: 6357.047 Thread 0x000001dae0067600 Exception <a 'sun/nio/fs/WindowsException'{0x000000008bef4590}> (0x000000008bef4590) 
thrown [s\src\hotspot\share\prims\jni.cpp, line 516]
Event: 6357.047 Thread 0x000001dae0067600 Exception <a 'sun/nio/fs/WindowsException'{0x000000008bef5be0}> (0x000000008bef5be0) 
thrown [s\src\hotspot\share\prims\jni.cpp, line 516]
Event: 6357.047 Thread 0x000001dae0067600 Exception <a 'sun/nio/fs/WindowsException'{0x000000008bef7280}> (0x000000008bef7280) 
thrown [s\src\hotspot\share\prims\jni.cpp, line 516]
Event: 6357.047 Thread 0x000001dae0067600 Exception <a 'sun/nio/fs/WindowsException'{0x000000008bef8920}> (0x000000008bef8920) 
thrown [s\src\hotspot\share\prims\jni.cpp, line 516]

VM Operations (20 events):
Event: 5966.284 Executing VM operation: Cleanup
Event: 5966.284 Executing VM operation: Cleanup done
Event: 6305.669 Executing VM operation: Cleanup
Event: 6305.669 Executing VM operation: Cleanup done
Event: 6351.982 Executing VM operation: Cleanup
Event: 6351.982 Executing VM operation: Cleanup done
Event: 6352.988 Executing VM operation: Cleanup
Event: 6352.988 Executing VM operation: Cleanup done
Event: 6353.990 Executing VM operation: Cleanup
Event: 6353.991 Executing VM operation: Cleanup done
Event: 6354.210 Executing VM operation: ICBufferFull
Event: 6354.211 Executing VM operation: ICBufferFull done
Event: 6354.537 Executing VM operation: ICBufferFull
Event: 6354.537 Executing VM operation: ICBufferFull done
Event: 6355.543 Executing VM operation: Cleanup
Event: 6355.543 Executing VM operation: Cleanup done
Event: 6357.067 Executing VM operation: ICBufferFull
Event: 6357.067 Executing VM operation: ICBufferFull done
Event: 6357.171 Executing VM operation: G1CollectForAllocation
Event: 6357.207 Executing VM operation: G1CollectForAllocation done

Events (20 events):
Event: 6354.100 Thread 0x000001dadd7e06d0 Thread added: 0x000001dadd7e06d0
Event: 6354.126 Thread 0x000001dadd7e1b10 Thread added: 0x000001dadd7e1b10
Event: 6354.252 Thread 0x000001dadd7df7a0 Thread added: 0x000001dadd7df7a0
Event: 6354.483 Thread 0x000001dadd7e2a40 Thread added: 0x000001dadd7e2a40
Event: 6354.484 Thread 0x000001dadd7e3970 Thread added: 0x000001dadd7e3970
Event: 6354.484 Thread 0x000001dadd7dd940 Thread added: 0x000001dadd7dd940
Event: 6354.525 Thread 0x000001dadd7e0be0 Thread added: 0x000001dadd7e0be0
Event: 6354.526 Thread 0x000001dadd7dc500 Thread added: 0x000001dadd7dc500
Event: 6354.526 Thread 0x000001dadd7dfcb0 Thread added: 0x000001dadd7dfcb0
Event: 6354.526 Thread 0x000001dadd7de360 Thread added: 0x000001dadd7de360
Event: 6354.529 Thread 0x000001dadd7e3460 Thread added: 0x000001dadd7e3460
Event: 6354.547 Thread 0x000001dadd7e01c0 Thread added: 0x000001dadd7e01c0
Event: 6354.547 Thread 0x000001dadd7e2020 Thread added: 0x000001dadd7e2020
Event: 6354.547 Thread 0x000001dadd7dca10 Thread added: 0x000001dadd7dca10
Event: 6354.561 Thread 0x000001dadd7e10f0 Thread added: 0x000001dadd7e10f0
Event: 6354.561 Thread 0x000001dadd7e1600 Thread added: 0x000001dadd7e1600
Event: 6354.591 Thread 0x000001dadd7dcf20 Thread added: 0x000001dadd7dcf20
Event: 6354.591 Thread 0x000001dadb9d5f50 Thread added: 0x000001dadb9d5f50
Event: 6354.591 Thread 0x000001dadb9dab40 Thread added: 0x000001dadb9dab40
Event: 6354.826 Thread 0x000001dadb9d5530 Thread added: 0x000001dadb9d5530


Dynamic libraries:
0x00007ff6ea1f0000 - 0x00007ff6ea1fe000 	C:\Program Files\Microsoft\jdk-17.0.8.7-hotspot\bin\java.exe
0x00007ff929cb0000 - 0x00007ff929ea8000 	C:\Windows\SYSTEM32\ntdll.dll
0x00007ff929850000 - 0x00007ff92990d000 	C:\Windows\System32\KERNEL32.DLL
0x00007ff9278a0000 - 0x00007ff927b96000 	C:\Windows\System32\KERNELBASE.dll
0x00007ff927700000 - 0x00007ff927800000 	C:\Windows\System32\ucrtbase.dll
0x00007ff906300000 - 0x00007ff906317000 	C:\Program Files\Microsoft\jdk-17.0.8.7-hotspot\bin\jli.dll
0x00007ff905c10000 - 0x00007ff905c2b000 	C:\Program Files\Microsoft\jdk-17.0.8.7-hotspot\bin\VCRUNTIME140.dll
0x00007ff928070000 - 0x00007ff92820f000 	C:\Windows\System32\USER32.dll
0x00007ff927660000 - 0x00007ff927682000 	C:\Windows\System32\win32u.dll
0x00007ff90e120000 - 0x00007ff90e3ba000 	C:\Windows\WinSxS\amd64_microsoft.windows.common-controls_6595b64144ccf1df_6.0.19041.4355_none_60b8b9eb71f62e16\COMCTL32.dll
0x00007ff928b40000 - 0x00007ff928b6b000 	C:\Windows\System32\GDI32.dll
0x00007ff927360000 - 0x00007ff927477000 	C:\Windows\System32\gdi32full.dll
0x00007ff927800000 - 0x00007ff92789d000 	C:\Windows\System32\msvcp_win.dll
0x00007ff929130000 - 0x00007ff9291ce000 	C:\Windows\System32\msvcrt.dll
0x00007ff927d40000 - 0x00007ff927d72000 	C:\Windows\System32\IMM32.DLL
0x00007ff9224f0000 - 0x00007ff9224fc000 	C:\Program Files\Microsoft\jdk-17.0.8.7-hotspot\bin\vcruntime140_1.dll
0x00007ff8ee310000 - 0x00007ff8ee39d000 	C:\Program Files\Microsoft\jdk-17.0.8.7-hotspot\bin\msvcp140.dll
0x00007ff8b26d0000 - 0x00007ff8b3335000 	C:\Program Files\Microsoft\jdk-17.0.8.7-hotspot\bin\server\jvm.dll
0x00007ff929740000 - 0x00007ff9297f0000 	C:\Windows\System32\ADVAPI32.dll
0x00007ff929a50000 - 0x00007ff929af0000 	C:\Windows\System32\sechost.dll
0x00007ff927d80000 - 0x00007ff927ea3000 	C:\Windows\System32\RPCRT4.dll
0x00007ff927630000 - 0x00007ff927657000 	C:\Windows\System32\bcrypt.dll
0x00007ff90eab0000 - 0x00007ff90eab9000 	C:\Windows\SYSTEM32\WSOCK32.dll
0x00007ff90e3c0000 - 0x00007ff90e3e7000 	C:\Windows\SYSTEM32\WINMM.dll
0x00007ff928c20000 - 0x00007ff928c8b000 	C:\Windows\System32\WS2_32.dll
0x00007ff926890000 - 0x00007ff9268db000 	C:\Windows\SYSTEM32\POWRPROF.dll
0x00007ff916fc0000 - 0x00007ff916fca000 	C:\Windows\SYSTEM32\VERSION.dll
0x00007ff926750000 - 0x00007ff926762000 	C:\Windows\SYSTEM32\UMPDC.dll
0x00007ff925b70000 - 0x00007ff925b82000 	C:\Windows\SYSTEM32\kernel.appcore.dll
0x00007ff90e790000 - 0x00007ff90e79a000 	C:\Program Files\Microsoft\jdk-17.0.8.7-hotspot\bin\jimage.dll
0x00007ff9083b0000 - 0x00007ff908594000 	C:\Windows\SYSTEM32\DBGHELP.DLL
0x00007ff908370000 - 0x00007ff9083a4000 	C:\Windows\SYSTEM32\dbgcore.DLL
0x00007ff927c50000 - 0x00007ff927cd2000 	C:\Windows\System32\bcryptPrimitives.dll
0x00007ff91e180000 - 0x00007ff91e18e000 	C:\Program Files\Microsoft\jdk-17.0.8.7-hotspot\bin\instrument.dll
0x00007ff8f9b50000 - 0x00007ff8f9b75000 	C:\Program Files\Microsoft\jdk-17.0.8.7-hotspot\bin\java.dll
0x00007ff8d0660000 - 0x00007ff8d0737000 	C:\Program Files\Microsoft\jdk-17.0.8.7-hotspot\bin\jsvml.dll
0x00007ff9283d0000 - 0x00007ff928b3b000 	C:\Windows\System32\SHELL32.dll
0x00007ff9253c0000 - 0x00007ff925b5d000 	C:\Windows\SYSTEM32\windows.storage.dll
0x00007ff928c90000 - 0x00007ff928fe3000 	C:\Windows\System32\combase.dll
0x00007ff926d80000 - 0x00007ff926dae000 	C:\Windows\SYSTEM32\Wldp.dll
0x00007ff929920000 - 0x00007ff9299ed000 	C:\Windows\System32\OLEAUT32.dll
0x00007ff928ff0000 - 0x00007ff92909d000 	C:\Windows\System32\SHCORE.dll
0x00007ff9299f0000 - 0x00007ff929a45000 	C:\Windows\System32\shlwapi.dll
0x00007ff927290000 - 0x00007ff9272b4000 	C:\Windows\SYSTEM32\profapi.dll
0x00007ff902440000 - 0x00007ff902458000 	C:\Program Files\Microsoft\jdk-17.0.8.7-hotspot\bin\zip.dll
0x00007ff9056f0000 - 0x00007ff905709000 	C:\Program Files\Microsoft\jdk-17.0.8.7-hotspot\bin\net.dll
0x00007ff9244b0000 - 0x00007ff9245ba000 	C:\Windows\SYSTEM32\WINHTTP.dll
0x00007ff926ae0000 - 0x00007ff926b4a000 	C:\Windows\system32\mswsock.dll
0x00007ff9026a0000 - 0x00007ff9026b6000 	C:\Program Files\Microsoft\jdk-17.0.8.7-hotspot\bin\nio.dll
0x00007ff91f950000 - 0x00007ff91f960000 	C:\Program Files\Microsoft\jdk-17.0.8.7-hotspot\bin\verify.dll
0x00007ff8f9720000 - 0x00007ff8f9747000 	C:\Users\LENOVO\.gradle\native\c067742578af261105cb4f569cf0c3c89f3d7b1fecec35dd04571415982c5e48\windows-amd64\native-platform.dll
0x00007ff8d08f0000 - 0x00007ff8d0a34000 	C:\Users\LENOVO\.gradle\native\38dada09dfb8b06ba9b0570ebf7e218e3eb74d4ef43ca46872605cf95ebc2f47\windows-amd64\native-platform-file-events.dll
0x00007ff905510000 - 0x00007ff905519000 	C:\Program Files\Microsoft\jdk-17.0.8.7-hotspot\bin\management.dll
0x00007ff9053f0000 - 0x00007ff9053fb000 	C:\Program Files\Microsoft\jdk-17.0.8.7-hotspot\bin\management_ext.dll
0x00007ff928210000 - 0x00007ff928218000 	C:\Windows\System32\PSAPI.DLL
0x00007ff926ce0000 - 0x00007ff926cf8000 	C:\Windows\SYSTEM32\CRYPTSP.dll
0x00007ff926390000 - 0x00007ff9263c4000 	C:\Windows\system32\rsaenh.dll
0x00007ff927200000 - 0x00007ff92722e000 	C:\Windows\SYSTEM32\USERENV.dll
0x00007ff926cd0000 - 0x00007ff926cdc000 	C:\Windows\SYSTEM32\CRYPTBASE.dll
0x00007ff926770000 - 0x00007ff9267ab000 	C:\Windows\SYSTEM32\IPHLPAPI.DLL
0x00007ff927f30000 - 0x00007ff927f38000 	C:\Windows\System32\NSI.dll
0x00007ff9174d0000 - 0x00007ff9174e7000 	C:\Windows\SYSTEM32\dhcpcsvc6.DLL
0x00007ff91c7d0000 - 0x00007ff91c7ed000 	C:\Windows\SYSTEM32\dhcpcsvc.DLL
0x00007ff9267b0000 - 0x00007ff92687b000 	C:\Windows\SYSTEM32\DNSAPI.dll
0x00007ff905340000 - 0x00007ff90534e000 	C:\Program Files\Microsoft\jdk-17.0.8.7-hotspot\bin\sunmscapi.dll
0x00007ff927480000 - 0x00007ff9275de000 	C:\Windows\System32\CRYPT32.dll
0x00007ff926df0000 - 0x00007ff926e19000 	C:\Windows\SYSTEM32\ncrypt.dll
0x00007ff926db0000 - 0x00007ff926deb000 	C:\Windows\SYSTEM32\NTASN1.dll
0x00007ff91e5d0000 - 0x00007ff91e5d7000 	C:\Windows\system32\wshunix.dll
0x00007ff9159e0000 - 0x00007ff9159ea000 	C:\Windows\System32\rasadhlp.dll
0x00007ff916080000 - 0x00007ff916100000 	C:\Windows\System32\fwpuclnt.dll
0x00007ff8fc300000 - 0x00007ff8fc317000 	C:\Windows\system32\napinsp.dll
0x00007ff8fe740000 - 0x00007ff8fe75b000 	C:\Windows\system32\pnrpnsp.dll
0x00007ff921750000 - 0x00007ff921765000 	C:\Windows\system32\wshbth.dll
0x00007ff9223b0000 - 0x00007ff9223cd000 	C:\Windows\system32\NLAapi.dll
0x00007ff8fe760000 - 0x00007ff8fe772000 	C:\Windows\System32\winrnr.dll

dbghelp: loaded successfully - version: 4.0.5 - missing functions: none
symbol engine: initialized successfully - sym options: 0x614 - pdb path: .;C:\Program Files\Microsoft\jdk-17.0.8.7-hotspot\bin;C:\Windows\SYSTEM32;C:\Windows\WinSxS\amd64_microsoft.windows.common-controls_6595b64144ccf1df_6.0.19041.4355_none_60b8b9eb71f62e16;C:\Program Files\Microsoft\jdk-17.0.8.7-hotspot\bin\server;C:\Users\LENOVO\.gradle\native\c067742578af261105cb4f569cf0c3c89f3d7b1fecec35dd04571415982c5e48\windows-amd64;C:\Users\LENOVO\.gradle\native\38dada09dfb8b06ba9b0570ebf7e218e3eb74d4ef43ca46872605cf95ebc2f47\windows-amd64

VM Arguments:
jvm_args: -XX:MaxMetaspaceSize=512m --add-opens=java.base/java.util=ALL-UNNAMED --add-opens=java.base/java.lang=ALL-UNNAMED --add-opens=java.base/java.lang.invoke=ALL-UNNAMED --add-opens=java.prefs/java.util.prefs=ALL-UNNAMED --add-opens=java.base/java.nio.charset=ALL-UNNAMED --add-opens=java.base/java.net=ALL-UNNAMED --add-opens=java.base/java.util.concurrent.atomic=ALL-UNNAMED -Xmx2048m -Dfile.encoding=windows-1252 -Duser.country=US -Duser.language=en -Duser.variant -javaagent:C:\Users\LENOVO\.gradle\wrapper\dists\gradle-8.6-all\3mbtmo166bl6vumsh5k2lkq5h\gradle-8.6\lib\agents\gradle-instrumentation-agent-8.6.jar 
java_command: org.gradle.launcher.daemon.bootstrap.GradleDaemon 8.6
java_class_path (initial): C:\Users\LENOVO\.gradle\wrapper\dists\gradle-8.6-all\3mbtmo166bl6vumsh5k2lkq5h\gradle-8.6\lib\gradle-launcher-8.6.jar
Launcher Type: SUN_STANDARD

[Global flags]
     intx CICompilerCount                          = 3                                         {product} {ergonomic}
   size_t CompressedClassSpaceSize                 = 436207616                                 {product} {ergonomic}
     uint ConcGCThreads                            = 1                                         {product} {ergonomic}
     uint G1ConcRefinementThreads                  = 4                                         {product} {ergonomic}
   size_t G1HeapRegionSize                         = 1048576                                   {product} {ergonomic}
    uintx GCDrainStackTargetSize                   = 64                                        {product} {ergonomic}
   size_t InitialHeapSize                          = 199229440                                 {product} {ergonomic}
   size_t MarkStackSize                            = 4194304                                   {product} {ergonomic}
   size_t MaxHeapSize                              = 2147483648                                {product} {command line}
   size_t MaxMetaspaceSize                         = 536870912                                 {product} {command line}
   size_t MaxNewSize                               = 1287651328                                {product} {ergonomic}
   size_t MinHeapDeltaBytes                        = 1048576                                   {product} {ergonomic}
   size_t MinHeapSize                              = 8388608                                   {product} {ergonomic}
    uintx NonNMethodCodeHeapSize                   = 5832780                                {pd product} {ergonomic}
    uintx NonProfiledCodeHeapSize                  = 122912730                              {pd product} {ergonomic}
    uintx ProfiledCodeHeapSize                     = 122912730                              {pd product} {ergonomic}
    uintx ReservedCodeCacheSize                    = 251658240                              {pd product} {ergonomic}
     bool SegmentedCodeCache                       = true                                      {product} {ergonomic}
   size_t SoftMaxHeapSize                          = 2147483648                             {manageable} {ergonomic}
     bool UseCompressedClassPointers               = true                           {product lp64_product} {ergonomic}
     bool UseCompressedOops                        = true                           {product lp64_product} {ergonomic}
     bool UseG1GC                                  = true                                      {product} {ergonomic}
     bool UseLargePagesIndividualAllocation        = false                                  {pd product} {ergonomic}

Logging:
Log output configuration:
 #0: stdout all=warning uptime,level,tags
 #1: stderr all=off uptime,level,tags

Environment Variables:
JAVA_HOME=C:\Program Files\Microsoft\jdk-17.0.8.7-hotspot\
CLASSPATH=C:\Users\LENOVO\Desktop\WeApp\android\\gradle\wrapper\gradle-wrapper.jar
PATH=C:\Users\LENOVO\Desktop\WeApp\node_modules\.bin;C:\Users\LENOVO\Desktop\WeApp\node_modules\.bin;C:\Users\LENOVO\Desktop\node_modules\.bin;C:\Users\LENOVO\node_modules\.bin;C:\Users\node_modules\.bin;C:\node_modules\.bin;C:\Program Files\nodejs\node_modules\npm\node_modules\@npmcli\run-script\lib\node-gyp-bin;C:\Users\LENOVO\Desktop\WeApp\node_modules\.bin;C:\Users\LENOVO\Desktop\node_modules\.bin;C:\Users\LENOVO\node_modules\.bin;C:\Users\node_modules\.bin;C:\node_modules\.bin;C:\Program Files\nodejs\node_modules\npm\node_modules\@npmcli\run-script\lib\node-gyp-bin;C:\Program Files\Microsoft\jdk-17.0.8.7-hotspot\bin;C:\Windows\system32;C:\Windows;C:\Windows\System32\Wbem;C:\Windows\System32\WindowsPowerShell\v1.0\;C:\Windows\System32\OpenSSH\;C:\ProgramData\chocolatey\bin;C:\Program Files\nodejs\;%LOCALAPPDATA%\Android\Sdk\platform-tools;C:\Program Files\Git\cmd;C:\Users\LENOVO\AppData\Local\Microsoft\WindowsApps;C:\Users\LENOVO\AppData\Roaming\npm;C:\Users\LENOVO\AppData\Local\Programs\Microsoft VS Code\bin
USERNAME=LENOVO
LANG=en_US.UTF-8
OS=Windows_NT
PROCESSOR_IDENTIFIER=Intel64 Family 6 Model 78 Stepping 3, GenuineIntel
TMP=C:\Users\LENOVO\AppData\Local\Temp
TEMP=C:\Users\LENOVO\AppData\Local\Temp



---------------  S Y S T E M  ---------------

OS:
 Windows 10 , 64 bit Build 19041 (10.0.19041.3636)
OS uptime: 0 days 5:24 hours

CPU: total 4 (initial active 4) (2 cores per cpu, 2 threads per core) family 6 model 78 stepping 3 microcode 0xcc, cx8, cmov, fxsr, ht, mmx, 3dnowpref, sse, sse2, sse3, ssse3, sse4.1, sse4.2, popcnt, lzcnt, tsc, tscinvbit, avx, avx2, aes, erms, clmul, bmi1, bmi2, rtm, adx, fma, vzeroupper, clflush, clflushopt
Processor Information for all 4 processors :
  Max Mhz: 2496, Current Mhz: 2396, Mhz Limit: 2396

Memory: 4k page, system-wide physical 12126M (4961M free)
TotalPageFile size 13982M (AvailPageFile size 4665M)
current process WorkingSet (physical memory assigned to process): 389M, peak: 585M
current process commit charge ("private bytes"): 628M, peak: 628M

vm_info: OpenJDK 64-Bit Server VM (17.0.8+7-LTS) for windows-amd64 JRE (17.0.8+7-LTS), built on Jul  7 2023 17:21:55 by "MicrosoftCorporation" with MS VC++ 16.10 / 16.11 (VS2019)

END.
